#
# There is insufficient memory for the Java Runtime Environment to continue.
# Native memory allocation (malloc) failed to allocate 1257136 bytes for Chunk::new
# Possible reasons:
#   The system is out of physical RAM or swap space
#   The process is running with CompressedOops enabled, and the Java Heap may be blocking the growth of the native heap
# Possible solutions:
#   Reduce memory load on the system
#   Increase physical memory or swap space
#   Check if swap backing store is full
#   Decrease Java heap size (-Xmx/-Xms)
#   Decrease number of Java threads
#   Decrease Java thread stack sizes (-Xss)
#   Set larger code cache with -XX:ReservedCodeCacheSize=
#   JVM is running with Unscaled Compressed Oops mode in which the Java heap is
#     placed in the first 4GB address space. The Java Heap base address is the
#     maximum limit for the native heap growth. Please use -XX:HeapBaseMinAddress
#     to set the Java Heap base and to place the Java Heap above 4GB virtual address.
# This output file may be truncated or incomplete.
#
#  Out of Memory Error (./src/hotspot/share/memory/arena.cpp:197), pid=18672, tid=22924
#
# JRE version: OpenJDK Runtime Environment (11.0.13) (build 11.0.13+0-b1751.21-8125866)
# Java VM: OpenJDK 64-Bit Server VM (11.0.13+0-b1751.21-8125866, mixed mode, tiered, compressed oops, g1 gc, windows-amd64)
# No core dump will be written. Minidumps are not enabled by default on client versions of Windows
#

---------------  S U M M A R Y ------------

Command Line: --add-opens=java.base/java.util=ALL-UNNAMED --add-opens=java.base/java.lang=ALL-UNNAMED --add-opens=java.base/java.lang.invoke=ALL-UNNAMED --add-opens=java.base/java.util=ALL-UNNAMED --add-opens=java.prefs/java.util.prefs=ALL-UNNAMED --add-opens=java.prefs/java.util.prefs=ALL-UNNAMED --add-opens=java.base/java.nio.charset=ALL-UNNAMED --add-opens=java.base/java.net=ALL-UNNAMED --add-opens=java.base/java.util.concurrent.atomic=ALL-UNNAMED -Xmx2048m -Dfile.encoding=UTF-8 -Duser.country=RU -Duser.language=ru -Duser.variant org.gradle.launcher.daemon.bootstrap.GradleDaemon 7.4

Host: AMD Ryzen 3 3100 4-Core Processor              , 8 cores, 15G,  Windows 10 , 64 bit Build 19041 (10.0.19041.2364)
Time: Wed Feb  1 21:08:48 2023 Саратов (зима) elapsed time: 3275.939112 seconds (0d 0h 54m 35s)

---------------  T H R E A D  ---------------

Current thread (0x00000154b7f30800):  JavaThread "C2 CompilerThread1" daemon [_thread_in_native, id=22924, stack(0x0000002595700000,0x0000002595800000)]


Current CompileTask:
C2:3275939 27484   !   4       org.gradle.api.internal.artifacts.ivyservice.resolveengine.graph.builder.NodeState::visitDependencies (192 bytes)

Stack: [0x0000002595700000,0x0000002595800000]
Native frames: (J=compiled Java code, j=interpreted, Vv=VM code, C=native code)
V  [jvm.dll+0x6100fa]
V  [jvm.dll+0x747090]
V  [jvm.dll+0x7486ad]
V  [jvm.dll+0x748d83]
V  [jvm.dll+0x24ab48]
V  [jvm.dll+0xc04dc]
V  [jvm.dll+0xc0a0c]
V  [jvm.dll+0x35eb9d]
V  [jvm.dll+0x19d9bc]
V  [jvm.dll+0x2033be]
V  [jvm.dll+0x202437]
V  [jvm.dll+0x188e01]
V  [jvm.dll+0x21106b]
V  [jvm.dll+0x20f8c1]
V  [jvm.dll+0x70de0f]
V  [jvm.dll+0x706a75]
V  [jvm.dll+0x60ed66]
C  [ucrtbase.dll+0x21bb2]
C  [KERNEL32.DLL+0x17614]
C  [ntdll.dll+0x526a1]


---------------  P R O C E S S  ---------------

Threads class SMR info:
_java_thread_list=0x00000154b31ae3f0, length=169, elements={
0x000001549502c000, 0x00000154b052d000, 0x00000154b0538800, 0x00000154b0554000,
0x00000154b0555000, 0x00000154b0556000, 0x00000154b0559000, 0x00000154b05cb000,
0x00000154b05cd800, 0x00000154b0734800, 0x00000154b38ae800, 0x00000154b08f5800,
0x00000154b0ac2800, 0x00000154b2adc000, 0x00000154b2ade800, 0x00000154b2ae0000,
0x00000154b2adf000, 0x00000154b2ada800, 0x00000154b3ae5000, 0x00000154b3aeb000,
0x00000154b3ae7000, 0x00000154b3ae9000, 0x00000154b3aef000, 0x00000154b426f000,
0x00000154b4275800, 0x00000154b5fec000, 0x00000154b5fed000, 0x00000154b5fed800,
0x00000154b5ff0000, 0x00000154b5feb000, 0x00000154b2e36000, 0x00000154b6603000,
0x00000154b4459800, 0x00000154b4463000, 0x00000154b4465000, 0x00000154b4465800,
0x00000154b4461800, 0x00000154b5ff4000, 0x00000154bba76800, 0x00000154b445f000,
0x00000154b9206800, 0x00000154b4272800, 0x00000154b4271800, 0x00000154b426e800,
0x00000154b9211800, 0x00000154b426a800, 0x00000154b9206000, 0x00000154b9212000,
0x00000154b9207800, 0x00000154b445b000, 0x00000154b5ff1800, 0x00000154b5ff8000,
0x00000154b5ff9000, 0x00000154b5ff3800, 0x00000154bba83000, 0x00000154bba7f800,
0x00000154bba7b800, 0x00000154b445a000, 0x00000154b445c800, 0x00000154b4457800,
0x00000154bba85800, 0x00000154bba81800, 0x00000154b4267000, 0x00000154b426b000,
0x00000154b426d000, 0x00000154b426c000, 0x00000154b4268800, 0x00000154b4269800,
0x00000154b4274000, 0x00000154b4270000, 0x00000154b4275000, 0x00000154b4273800,
0x00000154b4271000, 0x00000154b8675000, 0x00000154b8672000, 0x00000154b8672800,
0x00000154b8671000, 0x00000154b8679000, 0x00000154b8678800, 0x00000154b8673800,
0x00000154b867a000, 0x00000154b8676800, 0x00000154b8677800, 0x00000154b8674800,
0x00000154b8680800, 0x00000154b867b800, 0x00000154b867d800, 0x00000154b867c800,
0x00000154b867b000, 0x00000154b8681800, 0x00000154b8682000, 0x00000154b867f000,
0x00000154b8683000, 0x00000154b867e000, 0x00000154b8684800, 0x00000154b867f800,
0x00000154b8689800, 0x00000154b8688800, 0x00000154b8684000, 0x00000154b8686000,
0x00000154b8687000, 0x00000154b868a800, 0x00000154b868b000, 0x00000154b8688000,
0x00000154b8685800, 0x00000154b868c000, 0x00000154b868f000, 0x00000154b8690000,
0x00000154b868d000, 0x00000154b868d800, 0x00000154b868e800, 0x00000154b6603800,
0x00000154b6605800, 0x00000154b6607000, 0x00000154b6607800, 0x00000154b6604800,
0x00000154b6606000, 0x00000154b6602000, 0x00000154b6608800, 0x00000154b660a000,
0x00000154b660e000, 0x00000154b660b000, 0x00000154b660c000, 0x00000154b660f000,
0x00000154b6609800, 0x00000154b660c800, 0x00000154b660d800, 0x00000154b6610000,
0x00000154b6610800, 0x00000154b2e2d800, 0x00000154b2e28000, 0x00000154b2e2b800,
0x00000154b2e2c000, 0x00000154b2e29000, 0x00000154b2e2f800, 0x00000154b2e2d000,
0x00000154b2e2e800, 0x00000154b2e29800, 0x00000154b2e2a800, 0x00000154b2e30000,
0x00000154b2e32000, 0x00000154b2e36800, 0x00000154b2e31000, 0x00000154b2e32800,
0x00000154b2e33800, 0x00000154b2e34000, 0x00000154b2e35000, 0x00000154b9209000,
0x00000154b9208800, 0x00000154b920a000, 0x00000154b920b000, 0x00000154b9205000,
0x00000154b920f800, 0x00000154b920d800, 0x00000154b7f30800, 0x00000154b7f33000,
0x00000154b920c800, 0x00000154b9210800, 0x00000154b920b800, 0x00000154b9213000,
0x00000154b920e000, 0x00000154b920f000, 0x00000154bba77800, 0x00000154bba7c800,
0x00000154bba7f000, 0x00000154bba7e000, 0x00000154bba79000, 0x00000154bba7a000,
0x00000154bba7d000
}

Java Threads: ( => current thread )
  0x000001549502c000 JavaThread "main" [_thread_blocked, id=3640, stack(0x000000258d600000,0x000000258d700000)]
  0x00000154b052d000 JavaThread "Reference Handler" daemon [_thread_blocked, id=19192, stack(0x000000258dd00000,0x000000258de00000)]
  0x00000154b0538800 JavaThread "Finalizer" daemon [_thread_blocked, id=8160, stack(0x000000258de00000,0x000000258df00000)]
  0x00000154b0554000 JavaThread "Signal Dispatcher" daemon [_thread_blocked, id=2444, stack(0x000000258df00000,0x000000258e000000)]
  0x00000154b0555000 JavaThread "Attach Listener" daemon [_thread_blocked, id=9124, stack(0x000000258e000000,0x000000258e100000)]
  0x00000154b0556000 JavaThread "Service Thread" daemon [_thread_blocked, id=12088, stack(0x000000258e100000,0x000000258e200000)]
  0x00000154b0559000 JavaThread "C2 CompilerThread0" daemon [_thread_in_native, id=20868, stack(0x000000258e200000,0x000000258e300000)]
  0x00000154b05cb000 JavaThread "C1 CompilerThread0" daemon [_thread_blocked, id=15528, stack(0x000000258e300000,0x000000258e400000)]
  0x00000154b05cd800 JavaThread "Sweeper thread" daemon [_thread_blocked, id=1060, stack(0x000000258e400000,0x000000258e500000)]
  0x00000154b0734800 JavaThread "Common-Cleaner" daemon [_thread_blocked, id=1340, stack(0x000000258e500000,0x000000258e600000)]
  0x00000154b38ae800 JavaThread "Daemon health stats" [_thread_blocked, id=11404, stack(0x000000258ee00000,0x000000258ef00000)]
  0x00000154b08f5800 JavaThread "Incoming local TCP Connector on port 54801" [_thread_in_native, id=14448, stack(0x000000258e700000,0x000000258e800000)]
  0x00000154b0ac2800 JavaThread "Daemon periodic checks" [_thread_blocked, id=11588, stack(0x000000258e800000,0x000000258e900000)]
  0x00000154b2adc000 JavaThread "Cache worker for journal cache (C:\Users\gk198\.gradle\caches\journal-1)" [_thread_blocked, id=19040, stack(0x000000258f700000,0x000000258f800000)]
  0x00000154b2ade800 JavaThread "File lock request listener" [_thread_in_native, id=17608, stack(0x000000258f800000,0x000000258f900000)]
  0x00000154b2ae0000 JavaThread "Cache worker for file hash cache (C:\Users\gk198\.gradle\caches\7.4\fileHashes)" [_thread_blocked, id=16412, stack(0x000000258f900000,0x000000258fa00000)]
  0x00000154b2adf000 JavaThread "File watcher server" daemon [_thread_in_native, id=14924, stack(0x000000258fd00000,0x000000258fe00000)]
  0x00000154b2ada800 JavaThread "File watcher consumer" daemon [_thread_blocked, id=7692, stack(0x000000258fe00000,0x000000258ff00000)]
  0x00000154b3ae5000 JavaThread "Cache worker for execution history cache (C:\Users\gk198\.gradle\caches\7.4\executionHistory)" [_thread_blocked, id=4368, stack(0x0000002590300000,0x0000002590400000)]
  0x00000154b3aeb000 JavaThread "jar transforms" [_thread_blocked, id=1280, stack(0x0000002590500000,0x0000002590600000)]
  0x00000154b3ae7000 JavaThread "Cache worker for file content cache (C:\Users\gk198\.gradle\caches\7.4\fileContent)" [_thread_blocked, id=20740, stack(0x0000002590600000,0x0000002590700000)]
  0x00000154b3ae9000 JavaThread "jar transforms Thread 2" [_thread_blocked, id=21088, stack(0x0000002590700000,0x0000002590800000)]
  0x00000154b3aef000 JavaThread "jar transforms Thread 3" [_thread_blocked, id=7004, stack(0x0000002590900000,0x0000002590a00000)]
  0x00000154b426f000 JavaThread "jar transforms Thread 4" [_thread_blocked, id=22576, stack(0x0000002595b00000,0x0000002595c00000)]
  0x00000154b4275800 JavaThread "jar transforms Thread 5" [_thread_blocked, id=22580, stack(0x0000002595c00000,0x0000002595d00000)]
  0x00000154b5fec000 JavaThread "jar transforms Thread 6" [_thread_blocked, id=22584, stack(0x0000002595d00000,0x0000002595e00000)]
  0x00000154b5fed000 JavaThread "jar transforms Thread 7" [_thread_blocked, id=22588, stack(0x0000002595e00000,0x0000002595f00000)]
  0x00000154b5fed800 JavaThread "jar transforms Thread 8" [_thread_blocked, id=22592, stack(0x0000002595f00000,0x0000002596000000)]
  0x00000154b5ff0000 JavaThread "Memory manager" [_thread_blocked, id=22668, stack(0x0000002596000000,0x0000002596100000)]
  0x00000154b5feb000 JavaThread "pool-3-thread-1" [_thread_blocked, id=22720, stack(0x0000002596200000,0x0000002596300000)]
  0x00000154b2e36000 JavaThread "pool-6-thread-1" [_thread_blocked, id=88, stack(0x0000002596300000,0x0000002596400000)]
  0x00000154b6603000 JavaThread "pool-9-thread-1" [_thread_blocked, id=21108, stack(0x0000002596400000,0x0000002596500000)]
  0x00000154b4459800 JavaThread "pool-12-thread-1" [_thread_blocked, id=10548, stack(0x0000002595a00000,0x0000002595b00000)]
  0x00000154b4463000 JavaThread "RMI Scheduler(0)" daemon [_thread_blocked, id=3296, stack(0x0000002596f00000,0x0000002597000000)]
  0x00000154b4465000 JavaThread "RMI GC Daemon" daemon [_thread_blocked, id=9220, stack(0x0000002597100000,0x0000002597200000)]
  0x00000154b4465800 JavaThread "RMI TCP Accept-0" daemon [_thread_in_native, id=2376, stack(0x0000002597200000,0x0000002597300000)]
  0x00000154b4461800 JavaThread "RMI Reaper" [_thread_blocked, id=21344, stack(0x0000002597300000,0x0000002597400000)]
  0x00000154b5ff4000 JavaThread "pool-16-thread-1" [_thread_blocked, id=13000, stack(0x0000002596100000,0x0000002596200000)]
  0x00000154bba76800 JavaThread "pool-20-thread-1" [_thread_blocked, id=5952, stack(0x0000002596500000,0x0000002596600000)]
  0x00000154b445f000 JavaThread "pool-24-thread-1" [_thread_blocked, id=10388, stack(0x0000002596600000,0x0000002596700000)]
  0x00000154b9206800 JavaThread "pool-28-thread-1" [_thread_blocked, id=12276, stack(0x0000002596700000,0x0000002596800000)]
  0x00000154b4272800 JavaThread "pool-32-thread-1" [_thread_blocked, id=3256, stack(0x0000002596a00000,0x0000002596b00000)]
  0x00000154b4271800 JavaThread "pool-36-thread-1" [_thread_blocked, id=5540, stack(0x0000002596b00000,0x0000002596c00000)]
  0x00000154b426e800 JavaThread "pool-40-thread-1" [_thread_blocked, id=22244, stack(0x0000002596d00000,0x0000002596e00000)]
  0x00000154b9211800 JavaThread "pool-44-thread-1" [_thread_blocked, id=20596, stack(0x0000002596e00000,0x0000002596f00000)]
  0x00000154b426a800 JavaThread "ForkJoinPool.commonPool-worker-11" daemon [_thread_blocked, id=18132, stack(0x0000002598000000,0x0000002598100000)]
  0x00000154b9206000 JavaThread "pool-48-thread-1" [_thread_blocked, id=18784, stack(0x0000002597000000,0x0000002597100000)]
  0x00000154b9212000 JavaThread "pool-52-thread-1" [_thread_blocked, id=12196, stack(0x0000002597700000,0x0000002597800000)]
  0x00000154b9207800 JavaThread "pool-56-thread-1" [_thread_blocked, id=23144, stack(0x0000002595900000,0x0000002595a00000)]
  0x00000154b445b000 JavaThread "Cache worker for Java compile cache (C:\Users\gk198\.gradle\caches\7.4\javaCompile)" [_thread_blocked, id=8216, stack(0x0000002597c00000,0x0000002597d00000)]
  0x00000154b5ff1800 JavaThread "ForkJoinPool.commonPool-worker-5" daemon [_thread_blocked, id=7708, stack(0x0000002598700000,0x0000002598800000)]
  0x00000154b5ff8000 JavaThread "ForkJoinPool.commonPool-worker-9" daemon [_thread_blocked, id=10096, stack(0x0000002599a00000,0x0000002599b00000)]
  0x00000154b5ff9000 JavaThread "ForkJoinPool.commonPool-worker-15" daemon [_thread_blocked, id=22784, stack(0x0000002599c00000,0x0000002599d00000)]
  0x00000154b5ff3800 JavaThread "ForkJoinPool.commonPool-worker-13" daemon [_thread_blocked, id=23020, stack(0x0000002599d00000,0x0000002599e00000)]
  0x00000154bba83000 JavaThread "pool-61-thread-1" [_thread_blocked, id=19304, stack(0x0000002596900000,0x0000002596a00000)]
  0x00000154bba7f800 JavaThread "pool-65-thread-1" [_thread_blocked, id=14216, stack(0x0000002597500000,0x0000002597600000)]
  0x00000154bba7b800 JavaThread "pool-70-thread-1" [_thread_blocked, id=32, stack(0x0000002597400000,0x0000002597500000)]
  0x00000154b445a000 JavaThread "ForkJoinPool.commonPool-worker-3" daemon [_thread_blocked, id=10980, stack(0x0000002598b00000,0x0000002598c00000)]
  0x00000154b445c800 JavaThread "Daemon Thread 10" [_thread_blocked, id=20160, stack(0x000000258d300000,0x000000258d400000)]
  0x00000154b4457800 JavaThread "Daemon worker Thread 10" [_thread_blocked, id=22952, stack(0x000000258ef00000,0x000000258f000000)]
  0x00000154bba85800 JavaThread "pool-75-thread-1" [_thread_blocked, id=22340, stack(0x0000002596c00000,0x0000002596d00000)]
  0x00000154bba81800 JavaThread "included builds" [_thread_blocked, id=17688, stack(0x0000002597800000,0x0000002597900000)]
  0x00000154b4267000 JavaThread "ForkJoinPool.commonPool-worker-7" daemon [_thread_blocked, id=22696, stack(0x0000002598c00000,0x0000002598d00000)]
  0x00000154b426b000 JavaThread "Handler for socket connection from /127.0.0.1:54801 to /127.0.0.1:57929" [_thread_in_native, id=5664, stack(0x000000258d400000,0x000000258d500000)]
  0x00000154b426d000 JavaThread "Cancel handler" [_thread_blocked, id=21708, stack(0x000000258d500000,0x000000258d600000)]
  0x00000154b426c000 JavaThread "Asynchronous log dispatcher for DefaultDaemonConnection: socket connection from /127.0.0.1:54801 to /127.0.0.1:57929" [_thread_blocked, id=20364, stack(0x000000258f000000,0x000000258f100000)]
  0x00000154b4268800 JavaThread "Stdin handler" [_thread_blocked, id=19792, stack(0x000000258f100000,0x000000258f200000)]
  0x00000154b4269800 JavaThread "Daemon client event forwarder" [_thread_blocked, id=22596, stack(0x000000258f200000,0x000000258f300000)]
  0x00000154b4274000 JavaThread "Cache worker for checksums cache (D:\Documents\AndroidStudioProjects\StatsView\.gradle\7.4\checksums)" [_thread_blocked, id=20840, stack(0x000000258f300000,0x000000258f400000)]
  0x00000154b4270000 JavaThread "Cache worker for cache directory md-rule (C:\Users\gk198\.gradle\caches\7.4\md-rule)" [_thread_blocked, id=14188, stack(0x000000258f400000,0x000000258f500000)]
  0x00000154b4275000 JavaThread "Cache worker for file hash cache (D:\Documents\AndroidStudioProjects\StatsView\.gradle\7.4\fileHashes)" [_thread_blocked, id=6772, stack(0x000000258f500000,0x000000258f600000)]
  0x00000154b4273800 JavaThread "Cache worker for cache directory md-supplier (C:\Users\gk198\.gradle\caches\7.4\md-supplier)" [_thread_blocked, id=5812, stack(0x000000258f600000,0x000000258f700000)]
  0x00000154b4271000 JavaThread "Cache worker for dependencies-accessors (D:\Documents\AndroidStudioProjects\StatsView\.gradle\7.4\dependencies-accessors)" [_thread_blocked, id=23488, stack(0x0000002590000000,0x0000002590100000)]
  0x00000154b8675000 JavaThread "Cache worker for Build Output Cleanup Cache (D:\Documents\AndroidStudioProjects\StatsView\.gradle\buildOutputCleanup)" [_thread_blocked, id=2528, stack(0x0000002590100000,0x0000002590200000)]
  0x00000154b8672000 JavaThread "Unconstrained build operations" [_thread_blocked, id=18856, stack(0x0000002590200000,0x0000002590300000)]
  0x00000154b8672800 JavaThread "Unconstrained build operations Thread 2" [_thread_blocked, id=14248, stack(0x0000002590400000,0x0000002590500000)]
  0x00000154b8671000 JavaThread "Unconstrained build operations Thread 3" [_thread_blocked, id=6556, stack(0x0000002590800000,0x0000002590900000)]
  0x00000154b8679000 JavaThread "Unconstrained build operations Thread 4" [_thread_blocked, id=6360, stack(0x0000002590a00000,0x0000002590b00000)]
  0x00000154b8678800 JavaThread "Unconstrained build operations Thread 5" [_thread_blocked, id=7712, stack(0x0000002590b00000,0x0000002590c00000)]
  0x00000154b8673800 JavaThread "Unconstrained build operations Thread 6" [_thread_blocked, id=19004, stack(0x0000002590c00000,0x0000002590d00000)]
  0x00000154b867a000 JavaThread "Unconstrained build operations Thread 7" [_thread_blocked, id=8288, stack(0x0000002590d00000,0x0000002590e00000)]
  0x00000154b8676800 JavaThread "Unconstrained build operations Thread 8" [_thread_blocked, id=6432, stack(0x0000002590e00000,0x0000002590f00000)]
  0x00000154b8677800 JavaThread "Unconstrained build operations Thread 9" [_thread_blocked, id=13360, stack(0x0000002590f00000,0x0000002591000000)]
  0x00000154b8674800 JavaThread "Unconstrained build operations Thread 10" [_thread_blocked, id=21896, stack(0x0000002591000000,0x0000002591100000)]
  0x00000154b8680800 JavaThread "Unconstrained build operations Thread 11" [_thread_blocked, id=9856, stack(0x0000002591100000,0x0000002591200000)]
  0x00000154b867b800 JavaThread "Unconstrained build operations Thread 12" [_thread_blocked, id=13404, stack(0x0000002591200000,0x0000002591300000)]
  0x00000154b867d800 JavaThread "Unconstrained build operations Thread 13" [_thread_blocked, id=15384, stack(0x0000002591300000,0x0000002591400000)]
  0x00000154b867c800 JavaThread "Unconstrained build operations Thread 14" [_thread_blocked, id=17008, stack(0x0000002591400000,0x0000002591500000)]
  0x00000154b867b000 JavaThread "Unconstrained build operations Thread 15" [_thread_blocked, id=22780, stack(0x0000002591500000,0x0000002591600000)]
  0x00000154b8681800 JavaThread "Unconstrained build operations Thread 16" [_thread_blocked, id=1408, stack(0x0000002591600000,0x0000002591700000)]
  0x00000154b8682000 JavaThread "Unconstrained build operations Thread 17" [_thread_blocked, id=12420, stack(0x0000002591700000,0x0000002591800000)]
  0x00000154b867f000 JavaThread "Unconstrained build operations Thread 18" [_thread_blocked, id=4520, stack(0x0000002591800000,0x0000002591900000)]
  0x00000154b8683000 JavaThread "Unconstrained build operations Thread 19" [_thread_blocked, id=23280, stack(0x0000002591900000,0x0000002591a00000)]
  0x00000154b867e000 JavaThread "Unconstrained build operations Thread 20" [_thread_blocked, id=8152, stack(0x0000002591a00000,0x0000002591b00000)]
  0x00000154b8684800 JavaThread "Unconstrained build operations Thread 21" [_thread_blocked, id=14472, stack(0x0000002591b00000,0x0000002591c00000)]
  0x00000154b867f800 JavaThread "Unconstrained build operations Thread 22" [_thread_blocked, id=16700, stack(0x0000002591c00000,0x0000002591d00000)]
  0x00000154b8689800 JavaThread "Unconstrained build operations Thread 23" [_thread_blocked, id=9840, stack(0x0000002591d00000,0x0000002591e00000)]
  0x00000154b8688800 JavaThread "Unconstrained build operations Thread 24" [_thread_blocked, id=2728, stack(0x0000002591e00000,0x0000002591f00000)]
  0x00000154b8684000 JavaThread "Unconstrained build operations Thread 25" [_thread_blocked, id=22500, stack(0x0000002591f00000,0x0000002592000000)]
  0x00000154b8686000 JavaThread "Unconstrained build operations Thread 26" [_thread_blocked, id=23420, stack(0x0000002592000000,0x0000002592100000)]
  0x00000154b8687000 JavaThread "Unconstrained build operations Thread 27" [_thread_blocked, id=23328, stack(0x0000002592100000,0x0000002592200000)]
  0x00000154b868a800 JavaThread "Unconstrained build operations Thread 28" [_thread_blocked, id=14668, stack(0x0000002592200000,0x0000002592300000)]
  0x00000154b868b000 JavaThread "Unconstrained build operations Thread 29" [_thread_blocked, id=17324, stack(0x0000002592300000,0x0000002592400000)]
  0x00000154b8688000 JavaThread "Unconstrained build operations Thread 30" [_thread_blocked, id=9100, stack(0x0000002592400000,0x0000002592500000)]
  0x00000154b8685800 JavaThread "Unconstrained build operations Thread 31" [_thread_blocked, id=19100, stack(0x0000002592500000,0x0000002592600000)]
  0x00000154b868c000 JavaThread "Unconstrained build operations Thread 32" [_thread_blocked, id=17116, stack(0x0000002592600000,0x0000002592700000)]
  0x00000154b868f000 JavaThread "Unconstrained build operations Thread 33" [_thread_blocked, id=16676, stack(0x0000002592700000,0x0000002592800000)]
  0x00000154b8690000 JavaThread "Unconstrained build operations Thread 34" [_thread_blocked, id=23240, stack(0x0000002592800000,0x0000002592900000)]
  0x00000154b868d000 JavaThread "Unconstrained build operations Thread 35" [_thread_blocked, id=22724, stack(0x0000002592900000,0x0000002592a00000)]
  0x00000154b868d800 JavaThread "Unconstrained build operations Thread 36" [_thread_blocked, id=7984, stack(0x0000002592a00000,0x0000002592b00000)]
  0x00000154b868e800 JavaThread "Unconstrained build operations Thread 37" [_thread_blocked, id=12596, stack(0x0000002592b00000,0x0000002592c00000)]
  0x00000154b6603800 JavaThread "Unconstrained build operations Thread 38" [_thread_blocked, id=5936, stack(0x0000002592c00000,0x0000002592d00000)]
  0x00000154b6605800 JavaThread "Unconstrained build operations Thread 39" [_thread_blocked, id=13216, stack(0x0000002592d00000,0x0000002592e00000)]
  0x00000154b6607000 JavaThread "Unconstrained build operations Thread 40" [_thread_blocked, id=3084, stack(0x0000002592e00000,0x0000002592f00000)]
  0x00000154b6607800 JavaThread "Unconstrained build operations Thread 41" [_thread_blocked, id=22880, stack(0x0000002592f00000,0x0000002593000000)]
  0x00000154b6604800 JavaThread "Unconstrained build operations Thread 42" [_thread_blocked, id=13212, stack(0x0000002593000000,0x0000002593100000)]
  0x00000154b6606000 JavaThread "Unconstrained build operations Thread 43" [_thread_blocked, id=6944, stack(0x0000002593100000,0x0000002593200000)]
  0x00000154b6602000 JavaThread "Unconstrained build operations Thread 44" [_thread_blocked, id=15028, stack(0x0000002593200000,0x0000002593300000)]
  0x00000154b6608800 JavaThread "Unconstrained build operations Thread 45" [_thread_blocked, id=8816, stack(0x0000002593300000,0x0000002593400000)]
  0x00000154b660a000 JavaThread "Unconstrained build operations Thread 46" [_thread_blocked, id=23456, stack(0x0000002593400000,0x0000002593500000)]
  0x00000154b660e000 JavaThread "Unconstrained build operations Thread 47" [_thread_blocked, id=22644, stack(0x0000002593500000,0x0000002593600000)]
  0x00000154b660b000 JavaThread "Unconstrained build operations Thread 48" [_thread_blocked, id=10364, stack(0x0000002593600000,0x0000002593700000)]
  0x00000154b660c000 JavaThread "Unconstrained build operations Thread 49" [_thread_blocked, id=14056, stack(0x0000002593700000,0x0000002593800000)]
  0x00000154b660f000 JavaThread "Unconstrained build operations Thread 50" [_thread_blocked, id=14604, stack(0x0000002593800000,0x0000002593900000)]
  0x00000154b6609800 JavaThread "Unconstrained build operations Thread 51" [_thread_blocked, id=7452, stack(0x0000002593900000,0x0000002593a00000)]
  0x00000154b660c800 JavaThread "Unconstrained build operations Thread 52" [_thread_blocked, id=10160, stack(0x0000002593a00000,0x0000002593b00000)]
  0x00000154b660d800 JavaThread "Unconstrained build operations Thread 53" [_thread_blocked, id=6292, stack(0x0000002593b00000,0x0000002593c00000)]
  0x00000154b6610000 JavaThread "Unconstrained build operations Thread 54" [_thread_blocked, id=22124, stack(0x0000002593c00000,0x0000002593d00000)]
  0x00000154b6610800 JavaThread "Unconstrained build operations Thread 55" [_thread_blocked, id=21852, stack(0x0000002593d00000,0x0000002593e00000)]
  0x00000154b2e2d800 JavaThread "Unconstrained build operations Thread 56" [_thread_blocked, id=10312, stack(0x0000002593e00000,0x0000002593f00000)]
  0x00000154b2e28000 JavaThread "Unconstrained build operations Thread 57" [_thread_blocked, id=22912, stack(0x0000002593f00000,0x0000002594000000)]
  0x00000154b2e2b800 JavaThread "Unconstrained build operations Thread 58" [_thread_blocked, id=5300, stack(0x0000002594000000,0x0000002594100000)]
  0x00000154b2e2c000 JavaThread "Unconstrained build operations Thread 59" [_thread_blocked, id=23060, stack(0x0000002594100000,0x0000002594200000)]
  0x00000154b2e29000 JavaThread "Unconstrained build operations Thread 60" [_thread_blocked, id=23212, stack(0x0000002594200000,0x0000002594300000)]
  0x00000154b2e2f800 JavaThread "Unconstrained build operations Thread 61" [_thread_blocked, id=6864, stack(0x0000002594300000,0x0000002594400000)]
  0x00000154b2e2d000 JavaThread "Unconstrained build operations Thread 62" [_thread_blocked, id=15884, stack(0x0000002594400000,0x0000002594500000)]
  0x00000154b2e2e800 JavaThread "Unconstrained build operations Thread 63" [_thread_blocked, id=20576, stack(0x0000002594500000,0x0000002594600000)]
  0x00000154b2e29800 JavaThread "Unconstrained build operations Thread 64" [_thread_blocked, id=22748, stack(0x0000002594600000,0x0000002594700000)]
  0x00000154b2e2a800 JavaThread "Unconstrained build operations Thread 65" [_thread_blocked, id=18124, stack(0x0000002594700000,0x0000002594800000)]
  0x00000154b2e30000 JavaThread "Unconstrained build operations Thread 66" [_thread_blocked, id=23296, stack(0x0000002594800000,0x0000002594900000)]
  0x00000154b2e32000 JavaThread "Unconstrained build operations Thread 67" [_thread_blocked, id=3260, stack(0x0000002594900000,0x0000002594a00000)]
  0x00000154b2e36800 JavaThread "Unconstrained build operations Thread 68" [_thread_blocked, id=22672, stack(0x0000002594a00000,0x0000002594b00000)]
  0x00000154b2e31000 JavaThread "Unconstrained build operations Thread 69" [_thread_blocked, id=23472, stack(0x0000002594b00000,0x0000002594c00000)]
  0x00000154b2e32800 JavaThread "Unconstrained build operations Thread 70" [_thread_blocked, id=19628, stack(0x0000002594c00000,0x0000002594d00000)]
  0x00000154b2e33800 JavaThread "Unconstrained build operations Thread 71" [_thread_blocked, id=18560, stack(0x0000002594d00000,0x0000002594e00000)]
  0x00000154b2e34000 JavaThread "Unconstrained build operations Thread 72" [_thread_blocked, id=21476, stack(0x0000002594e00000,0x0000002594f00000)]
  0x00000154b2e35000 JavaThread "Unconstrained build operations Thread 73" [_thread_blocked, id=10660, stack(0x0000002594f00000,0x0000002595000000)]
  0x00000154b9209000 JavaThread "Unconstrained build operations Thread 74" [_thread_blocked, id=9540, stack(0x0000002595000000,0x0000002595100000)]
  0x00000154b9208800 JavaThread "Unconstrained build operations Thread 75" [_thread_blocked, id=22604, stack(0x0000002595100000,0x0000002595200000)]
  0x00000154b920a000 JavaThread "Unconstrained build operations Thread 76" [_thread_blocked, id=16832, stack(0x0000002595200000,0x0000002595300000)]
  0x00000154b920b000 JavaThread "Unconstrained build operations Thread 77" [_thread_blocked, id=9644, stack(0x0000002595300000,0x0000002595400000)]
  0x00000154b9205000 JavaThread "Unconstrained build operations Thread 78" [_thread_blocked, id=4880, stack(0x0000002595400000,0x0000002595500000)]
  0x00000154b920f800 JavaThread "Unconstrained build operations Thread 79" [_thread_blocked, id=4824, stack(0x0000002595500000,0x0000002595600000)]
  0x00000154b920d800 JavaThread "Unconstrained build operations Thread 80" [_thread_blocked, id=12752, stack(0x0000002595600000,0x0000002595700000)]
=>0x00000154b7f30800 JavaThread "C2 CompilerThread1" daemon [_thread_in_native, id=22924, stack(0x0000002595700000,0x0000002595800000)]
  0x00000154b7f33000 JavaThread "C2 CompilerThread2" daemon [_thread_in_native, id=22660, stack(0x0000002595800000,0x0000002595900000)]
  0x00000154b920c800 JavaThread "build event listener" [_thread_blocked, id=11348, stack(0x0000002596800000,0x0000002596900000)]
  0x00000154b9210800 JavaThread "pool-80-thread-1" [_thread_blocked, id=23100, stack(0x0000002597600000,0x0000002597700000)]
  0x00000154b920b800 JavaThread "build event listener" [_thread_blocked, id=17720, stack(0x0000002597900000,0x0000002597a00000)]
  0x00000154b9213000 JavaThread "included builds" [_thread_blocked, id=11212, stack(0x0000002597a00000,0x0000002597b00000)]
  0x00000154b920e000 JavaThread "Execution worker for ':'" [_thread_blocked, id=17852, stack(0x0000002597b00000,0x0000002597c00000)]
  0x00000154b920f000 JavaThread "Execution worker for ':' Thread 2" [_thread_blocked, id=13060, stack(0x0000002597d00000,0x0000002597e00000)]
  0x00000154bba77800 JavaThread "Execution worker for ':' Thread 3" [_thread_blocked, id=11180, stack(0x0000002597e00000,0x0000002597f00000)]
  0x00000154bba7c800 JavaThread "Execution worker for ':' Thread 4" [_thread_blocked, id=9908, stack(0x0000002597f00000,0x0000002598000000)]
  0x00000154bba7f000 JavaThread "Execution worker for ':' Thread 5" [_thread_blocked, id=19364, stack(0x0000002598100000,0x0000002598200000)]
  0x00000154bba7e000 JavaThread "Execution worker for ':' Thread 6" [_thread_blocked, id=3864, stack(0x0000002598200000,0x0000002598300000)]
  0x00000154bba79000 JavaThread "Execution worker for ':' Thread 7" [_thread_blocked, id=11764, stack(0x0000002598300000,0x0000002598400000)]
  0x00000154bba7a000 JavaThread "Cache worker for execution history cache (D:\Documents\AndroidStudioProjects\StatsView\.gradle\7.4\executionHistory)" [_thread_blocked, id=3376, stack(0x0000002598400000,0x0000002598500000)]
  0x00000154bba7d000 JavaThread "WorkerExecutor Queue" [_thread_blocked, id=11952, stack(0x0000002598500000,0x0000002598600000)]

Other Threads:
  0x00000154b052b000 VMThread "VM Thread" [stack: 0x000000258dc00000,0x000000258dd00000] [id=18944]
  0x00000154b0741800 WatcherThread [stack: 0x000000258e600000,0x000000258e700000] [id=9508]
  0x0000015495043800 GCTaskThread "GC Thread#0" [stack: 0x000000258d700000,0x000000258d800000] [id=6440]
  0x00000154b1573000 GCTaskThread "GC Thread#1" [stack: 0x000000258e900000,0x000000258ea00000] [id=14156]
  0x00000154b1573800 GCTaskThread "GC Thread#2" [stack: 0x000000258ea00000,0x000000258eb00000] [id=7040]
  0x00000154b16f0800 GCTaskThread "GC Thread#3" [stack: 0x000000258eb00000,0x000000258ec00000] [id=18836]
  0x00000154b16f1800 GCTaskThread "GC Thread#4" [stack: 0x000000258ec00000,0x000000258ed00000] [id=19912]
  0x00000154b121e800 GCTaskThread "GC Thread#5" [stack: 0x000000258ed00000,0x000000258ee00000] [id=11340]
  0x00000154b2bff800 GCTaskThread "GC Thread#6" [stack: 0x000000258fa00000,0x000000258fb00000] [id=3656]
  0x00000154b2c00000 GCTaskThread "GC Thread#7" [stack: 0x000000258fb00000,0x000000258fc00000] [id=22520]
  0x0000015495077800 ConcurrentGCThread "G1 Main Marker" [stack: 0x000000258d800000,0x000000258d900000] [id=7928]
  0x0000015495078800 ConcurrentGCThread "G1 Conc#0" [stack: 0x000000258d900000,0x000000258da00000] [id=18644]
  0x00000154b1727800 ConcurrentGCThread "G1 Conc#1" [stack: 0x000000258fc00000,0x000000258fd00000] [id=20580]
  0x000001549510d800 ConcurrentGCThread "G1 Refine#0" [stack: 0x000000258da00000,0x000000258db00000] [id=19708]
  0x00000154b9522800 ConcurrentGCThread "G1 Refine#1" [stack: 0x000000258ff00000,0x0000002590000000] [id=22892]
  0x00000154afb7a800 ConcurrentGCThread "G1 Young RemSet Sampling" [stack: 0x000000258db00000,0x000000258dc00000] [id=4780]

Threads with active compile tasks:
C2 CompilerThread03275996 27479       4       org.gradle.api.internal.artifacts.ivyservice.ivyresolve.RepositoryChainComponentMetaDataResolver::resolveModule (277 bytes)
C2 CompilerThread13275997 27484   !   4       org.gradle.api.internal.artifacts.ivyservice.resolveengine.graph.builder.NodeState::visitDependencies (192 bytes)
C2 CompilerThread23275997 27566       4       org.gradle.api.internal.artifacts.ivyservice.ivyresolve.RepositoryChainComponentMetaDataResolver::resolve (28 bytes)

VM state:at safepoint (normal execution)

VM Mutex/Monitor currently owned by a thread:  ([mutex/lock_event])
[0x0000015495026510] DerivedPointerTableGC_lock - owner thread: 0x00000154b16f0800
[0x0000015495027520] Threads_lock - owner thread: 0x00000154b052b000
[0x0000015495028cc0] Heap_lock - owner thread: 0x00000154bba79000

OutOfMemory and StackOverflow Exception counts:
OutOfMemoryError java_heap_errors=1
LinkageErrors=187

Heap address: 0x0000000080000000, size: 2048 MB, Compressed Oops mode: 32-bit
Narrow klass base: 0x0000000000000000, Narrow klass shift: 3
Compressed class space size: 1073741824 Address: 0x0000000100000000

Heap:
 garbage-first heap   total 262144K, used 128998K [0x0000000080000000, 0x0000000100000000)
  region size 1024K, 6 young (6144K), 1 survivors (1024K)
 Metaspace       used 137080K, capacity 142139K, committed 142416K, reserved 1173504K
  class space    used 16755K, capacity 18593K, committed 18688K, reserved 1048576K
Heap Regions: E=young(eden), S=young(survivor), O=old, HS=humongous(starts), HC=humongous(continues), CS=collection set, F=free, A=archive, TAMS=top-at-mark-start (previous, next)
|   0|0x0000000080000000, 0x0000000080100000, 0x0000000080100000|100%| O|  |TAMS 0x0000000080100000, 0x0000000080000000| Complete 
|   1|0x0000000080100000, 0x0000000080200000, 0x0000000080200000|100%| O|  |TAMS 0x0000000080200000, 0x0000000080100000| Untracked 
|   2|0x0000000080200000, 0x0000000080300000, 0x0000000080300000|100%| O|  |TAMS 0x0000000080300000, 0x0000000080200000| Untracked 
|   3|0x0000000080300000, 0x0000000080400000, 0x0000000080400000|100%|HS|  |TAMS 0x0000000080400000, 0x0000000080300000| Complete 
|   4|0x0000000080400000, 0x0000000080500000, 0x0000000080500000|100%|HC|  |TAMS 0x0000000080500000, 0x0000000080400000| Complete 
|   5|0x0000000080500000, 0x0000000080600000, 0x0000000080600000|100%|HC|  |TAMS 0x0000000080600000, 0x0000000080500000| Complete 
|   6|0x0000000080600000, 0x0000000080700000, 0x0000000080700000|100%| O|  |TAMS 0x0000000080700000, 0x0000000080600000| Untracked 
|   7|0x0000000080700000, 0x0000000080800000, 0x0000000080800000|100%| O|  |TAMS 0x0000000080800000, 0x0000000080700000| Untracked 
|   8|0x0000000080800000, 0x0000000080900000, 0x0000000080900000|100%| O|  |TAMS 0x0000000080900000, 0x0000000080800000| Untracked 
|   9|0x0000000080900000, 0x0000000080a00000, 0x0000000080a00000|100%| O|  |TAMS 0x0000000080a00000, 0x0000000080900000| Untracked 
|  10|0x0000000080a00000, 0x0000000080b00000, 0x0000000080b00000|100%| O|  |TAMS 0x0000000080b00000, 0x0000000080a00000| Untracked 
|  11|0x0000000080b00000, 0x0000000080c00000, 0x0000000080c00000|100%| O|  |TAMS 0x0000000080c00000, 0x0000000080b00000| Untracked 
|  12|0x0000000080c00000, 0x0000000080d00000, 0x0000000080d00000|100%| O|  |TAMS 0x0000000080d00000, 0x0000000080c00000| Complete 
|  13|0x0000000080d00000, 0x0000000080e00000, 0x0000000080e00000|100%| O|  |TAMS 0x0000000080e00000, 0x0000000080d00000| Untracked 
|  14|0x0000000080e00000, 0x0000000080f00000, 0x0000000080f00000|100%| O|  |TAMS 0x0000000080f00000, 0x0000000080e00000| Untracked 
|  15|0x0000000080f00000, 0x0000000081000000, 0x0000000081000000|100%| O|  |TAMS 0x0000000081000000, 0x0000000080f00000| Untracked 
|  16|0x0000000081000000, 0x0000000081100000, 0x0000000081100000|100%| O|  |TAMS 0x0000000081100000, 0x0000000081000000| Complete 
|  17|0x0000000081100000, 0x0000000081200000, 0x0000000081200000|100%|HS|  |TAMS 0x0000000081200000, 0x0000000081100000| Complete 
|  18|0x0000000081200000, 0x0000000081300000, 0x0000000081300000|100%|HS|  |TAMS 0x0000000081300000, 0x0000000081200000| Complete 
|  19|0x0000000081300000, 0x0000000081400000, 0x0000000081400000|100%|HS|  |TAMS 0x0000000081400000, 0x0000000081300000| Complete 
|  20|0x0000000081400000, 0x0000000081500000, 0x0000000081500000|100%|HS|  |TAMS 0x0000000081500000, 0x0000000081400000| Complete 
|  21|0x0000000081500000, 0x0000000081600000, 0x0000000081600000|100%|HC|  |TAMS 0x0000000081600000, 0x0000000081500000| Complete 
|  22|0x0000000081600000, 0x0000000081700000, 0x0000000081700000|100%|HC|  |TAMS 0x0000000081700000, 0x0000000081600000| Complete 
|  23|0x0000000081700000, 0x0000000081800000, 0x0000000081800000|100%| O|  |TAMS 0x0000000081800000, 0x0000000081700000| Untracked 
|  24|0x0000000081800000, 0x0000000081900000, 0x0000000081900000|100%|HS|  |TAMS 0x0000000081900000, 0x0000000081800000| Complete 
|  25|0x0000000081900000, 0x0000000081a00000, 0x0000000081a00000|100%|HC|  |TAMS 0x0000000081a00000, 0x0000000081900000| Complete 
|  26|0x0000000081a00000, 0x0000000081b00000, 0x0000000081b00000|100%| O|  |TAMS 0x0000000081b00000, 0x0000000081a00000| Complete 
|  27|0x0000000081b00000, 0x0000000081c00000, 0x0000000081c00000|100%| O|  |TAMS 0x0000000081c00000, 0x0000000081b00000| Complete 
|  28|0x0000000081c00000, 0x0000000081d00000, 0x0000000081d00000|100%| O|  |TAMS 0x0000000081d00000, 0x0000000081c00000| Complete 
|  29|0x0000000081d00000, 0x0000000081e00000, 0x0000000081e00000|100%| O|  |TAMS 0x0000000081e00000, 0x0000000081d00000| Untracked 
|  30|0x0000000081e00000, 0x0000000081f00000, 0x0000000081f00000|100%| O|  |TAMS 0x0000000081f00000, 0x0000000081e00000| Complete 
|  31|0x0000000081f00000, 0x0000000082000000, 0x0000000082000000|100%| O|  |TAMS 0x0000000082000000, 0x0000000081f00000| Untracked 
|  32|0x0000000082000000, 0x0000000082100000, 0x0000000082100000|100%| O|  |TAMS 0x0000000082100000, 0x0000000082000000| Untracked 
|  33|0x0000000082100000, 0x0000000082200000, 0x0000000082200000|100%| O|  |TAMS 0x0000000082200000, 0x0000000082100000| Complete 
|  34|0x0000000082200000, 0x0000000082300000, 0x0000000082300000|100%| O|  |TAMS 0x0000000082300000, 0x0000000082200000| Untracked 
|  35|0x0000000082300000, 0x0000000082400000, 0x0000000082400000|100%| O|  |TAMS 0x0000000082400000, 0x0000000082300000| Complete 
|  36|0x0000000082400000, 0x0000000082500000, 0x0000000082500000|100%| O|  |TAMS 0x0000000082500000, 0x0000000082400000| Untracked 
|  37|0x0000000082500000, 0x0000000082600000, 0x0000000082600000|100%| O|  |TAMS 0x0000000082600000, 0x0000000082500000| Untracked 
|  38|0x0000000082600000, 0x0000000082700000, 0x0000000082700000|100%| O|  |TAMS 0x0000000082700000, 0x0000000082600000| Untracked 
|  39|0x0000000082700000, 0x0000000082800000, 0x0000000082800000|100%| O|  |TAMS 0x0000000082800000, 0x0000000082700000| Complete 
|  40|0x0000000082800000, 0x0000000082900000, 0x0000000082900000|100%| O|  |TAMS 0x0000000082900000, 0x0000000082800000| Complete 
|  41|0x0000000082900000, 0x0000000082a00000, 0x0000000082a00000|100%| O|  |TAMS 0x0000000082a00000, 0x0000000082900000| Complete 
|  42|0x0000000082a00000, 0x0000000082b00000, 0x0000000082b00000|100%| O|  |TAMS 0x0000000082b00000, 0x0000000082a00000| Untracked 
|  43|0x0000000082b00000, 0x0000000082c00000, 0x0000000082c00000|100%| O|  |TAMS 0x0000000082c00000, 0x0000000082b00000| Untracked 
|  44|0x0000000082c00000, 0x0000000082d00000, 0x0000000082d00000|100%| O|  |TAMS 0x0000000082d00000, 0x0000000082c00000| Untracked 
|  45|0x0000000082d00000, 0x0000000082e00000, 0x0000000082e00000|100%| O|  |TAMS 0x0000000082e00000, 0x0000000082d00000| Complete 
|  46|0x0000000082e00000, 0x0000000082f00000, 0x0000000082f00000|100%| O|  |TAMS 0x0000000082e00000, 0x0000000082e00000| Untracked 
|  47|0x0000000082f00000, 0x0000000083000000, 0x0000000083000000|100%| O|  |TAMS 0x0000000083000000, 0x0000000082f00000| Complete 
|  48|0x0000000083000000, 0x0000000083100000, 0x0000000083100000|100%| O|  |TAMS 0x0000000083100000, 0x0000000083000000| Complete 
|  49|0x0000000083100000, 0x0000000083200000, 0x0000000083200000|100%| O|  |TAMS 0x0000000083200000, 0x0000000083100000| Complete 
|  50|0x0000000083200000, 0x0000000083300000, 0x0000000083300000|100%| O|  |TAMS 0x0000000083300000, 0x0000000083200000| Complete 
|  51|0x0000000083300000, 0x00000000833eb818, 0x0000000083400000| 91%| O|  |TAMS 0x0000000083300000, 0x0000000083300000| Untracked 
|  52|0x0000000083400000, 0x0000000083500000, 0x0000000083500000|100%| O|  |TAMS 0x0000000083500000, 0x0000000083400000| Untracked 
|  53|0x0000000083500000, 0x0000000083500000, 0x0000000083600000|  0%| F|  |TAMS 0x0000000083500000, 0x0000000083500000| Untracked 
|  54|0x0000000083600000, 0x0000000083700000, 0x0000000083700000|100%| O|  |TAMS 0x0000000083700000, 0x0000000083600000| Complete 
|  55|0x0000000083700000, 0x0000000083700000, 0x0000000083800000|  0%| F|  |TAMS 0x0000000083700000, 0x0000000083700000| Untracked 
|  56|0x0000000083800000, 0x0000000083900000, 0x0000000083900000|100%| O|  |TAMS 0x0000000083900000, 0x0000000083800000| Complete 
|  57|0x0000000083900000, 0x0000000083a00000, 0x0000000083a00000|100%| O|  |TAMS 0x0000000083a00000, 0x0000000083900000| Untracked 
|  58|0x0000000083a00000, 0x0000000083b00000, 0x0000000083b00000|100%| O|  |TAMS 0x0000000083b00000, 0x0000000083a00000| Complete 
|  59|0x0000000083b00000, 0x0000000083c00000, 0x0000000083c00000|100%| O|  |TAMS 0x0000000083c00000, 0x0000000083b00000| Complete 
|  60|0x0000000083c00000, 0x0000000083d00000, 0x0000000083d00000|100%| O|  |TAMS 0x0000000083d00000, 0x0000000083c00000| Untracked 
|  61|0x0000000083d00000, 0x0000000083e00000, 0x0000000083e00000|100%| O|  |TAMS 0x0000000083e00000, 0x0000000083d00000| Complete 
|  62|0x0000000083e00000, 0x0000000083f00000, 0x0000000083f00000|100%| O|  |TAMS 0x0000000083f00000, 0x0000000083e00000| Complete 
|  63|0x0000000083f00000, 0x0000000084000000, 0x0000000084000000|100%| O|  |TAMS 0x0000000084000000, 0x0000000083f00000| Complete 
|  64|0x0000000084000000, 0x0000000084100000, 0x0000000084100000|100%| O|  |TAMS 0x0000000084100000, 0x0000000084000000| Complete 
|  65|0x0000000084100000, 0x0000000084200000, 0x0000000084200000|100%| O|  |TAMS 0x0000000084200000, 0x0000000084100000| Complete 
|  66|0x0000000084200000, 0x0000000084300000, 0x0000000084300000|100%| O|  |TAMS 0x0000000084300000, 0x0000000084200000| Complete 
|  67|0x0000000084300000, 0x0000000084400000, 0x0000000084400000|100%| O|  |TAMS 0x0000000084400000, 0x0000000084300000| Complete 
|  68|0x0000000084400000, 0x0000000084500000, 0x0000000084500000|100%| O|  |TAMS 0x0000000084500000, 0x0000000084400000| Complete 
|  69|0x0000000084500000, 0x0000000084600000, 0x0000000084600000|100%| O|  |TAMS 0x0000000084600000, 0x0000000084500000| Complete 
|  70|0x0000000084600000, 0x0000000084600000, 0x0000000084700000|  0%| F|  |TAMS 0x0000000084600000, 0x0000000084600000| Untracked 
|  71|0x0000000084700000, 0x0000000084700000, 0x0000000084800000|  0%| F|  |TAMS 0x0000000084700000, 0x0000000084700000| Untracked 
|  72|0x0000000084800000, 0x0000000084800000, 0x0000000084900000|  0%| F|  |TAMS 0x0000000084800000, 0x0000000084800000| Untracked 
|  73|0x0000000084900000, 0x0000000084a00000, 0x0000000084a00000|100%| O|  |TAMS 0x0000000084a00000, 0x0000000084900000| Untracked 
|  74|0x0000000084a00000, 0x0000000084a00000, 0x0000000084b00000|  0%| F|  |TAMS 0x0000000084a00000, 0x0000000084a00000| Untracked 
|  75|0x0000000084b00000, 0x0000000084c00000, 0x0000000084c00000|100%| O|  |TAMS 0x0000000084c00000, 0x0000000084b00000| Untracked 
|  76|0x0000000084c00000, 0x0000000084d00000, 0x0000000084d00000|100%| O|  |TAMS 0x0000000084d00000, 0x0000000084c00000| Untracked 
|  77|0x0000000084d00000, 0x0000000084e00000, 0x0000000084e00000|100%| O|  |TAMS 0x0000000084e00000, 0x0000000084d00000| Untracked 
|  78|0x0000000084e00000, 0x0000000084f00000, 0x0000000084f00000|100%| O|  |TAMS 0x0000000084f00000, 0x0000000084e00000| Complete 
|  79|0x0000000084f00000, 0x0000000085000000, 0x0000000085000000|100%| O|  |TAMS 0x0000000085000000, 0x0000000084f00000| Complete 
|  80|0x0000000085000000, 0x0000000085100000, 0x0000000085100000|100%| O|  |TAMS 0x0000000085100000, 0x0000000085000000| Complete 
|  81|0x0000000085100000, 0x0000000085200000, 0x0000000085200000|100%| O|  |TAMS 0x0000000085200000, 0x0000000085100000| Complete 
|  82|0x0000000085200000, 0x0000000085300000, 0x0000000085300000|100%| O|  |TAMS 0x0000000085300000, 0x0000000085200000| Untracked 
|  83|0x0000000085300000, 0x0000000085400000, 0x0000000085400000|100%| O|  |TAMS 0x0000000085400000, 0x0000000085300000| Complete 
|  84|0x0000000085400000, 0x0000000085500000, 0x0000000085500000|100%| O|  |TAMS 0x0000000085500000, 0x0000000085400000| Untracked 
|  85|0x0000000085500000, 0x0000000085500000, 0x0000000085600000|  0%| F|  |TAMS 0x0000000085500000, 0x0000000085500000| Untracked 
|  86|0x0000000085600000, 0x0000000085700000, 0x0000000085700000|100%| O|  |TAMS 0x0000000085700000, 0x0000000085600000| Complete 
|  87|0x0000000085700000, 0x0000000085800000, 0x0000000085800000|100%| O|  |TAMS 0x0000000085800000, 0x0000000085700000| Untracked 
|  88|0x0000000085800000, 0x0000000085900000, 0x0000000085900000|100%| O|  |TAMS 0x0000000085900000, 0x0000000085800000| Complete 
|  89|0x0000000085900000, 0x0000000085a00000, 0x0000000085a00000|100%| O|  |TAMS 0x0000000085a00000, 0x0000000085900000| Untracked 
|  90|0x0000000085a00000, 0x0000000085a00000, 0x0000000085b00000|  0%| F|  |TAMS 0x0000000085a00000, 0x0000000085a00000| Untracked 
|  91|0x0000000085b00000, 0x0000000085c00000, 0x0000000085c00000|100%| O|  |TAMS 0x0000000085c00000, 0x0000000085b00000| Complete 
|  92|0x0000000085c00000, 0x0000000085d00000, 0x0000000085d00000|100%| O|CS|TAMS 0x0000000085d00000, 0x0000000085c00000| Complete 
|  93|0x0000000085d00000, 0x0000000085e00000, 0x0000000085e00000|100%| O|CS|TAMS 0x0000000085e00000, 0x0000000085d00000| Complete 
|  94|0x0000000085e00000, 0x0000000085f00000, 0x0000000085f00000|100%| O|CS|TAMS 0x0000000085f00000, 0x0000000085e00000| Complete 
|  95|0x0000000085f00000, 0x0000000086000000, 0x0000000086000000|100%| O|  |TAMS 0x0000000086000000, 0x0000000085f00000| Complete 
|  96|0x0000000086000000, 0x0000000086000000, 0x0000000086100000|  0%| F|  |TAMS 0x0000000086000000, 0x0000000086000000| Untracked 
|  97|0x0000000086100000, 0x0000000086200000, 0x0000000086200000|100%| O|CS|TAMS 0x0000000086200000, 0x0000000086100000| Complete 
|  98|0x0000000086200000, 0x0000000086200000, 0x0000000086300000|  0%| F|  |TAMS 0x0000000086200000, 0x0000000086200000| Untracked 
|  99|0x0000000086300000, 0x0000000086300000, 0x0000000086400000|  0%| F|  |TAMS 0x0000000086300000, 0x0000000086300000| Untracked 
| 100|0x0000000086400000, 0x0000000086400000, 0x0000000086500000|  0%| F|  |TAMS 0x0000000086400000, 0x0000000086400000| Untracked 
| 101|0x0000000086500000, 0x0000000086600000, 0x0000000086600000|100%| O|  |TAMS 0x0000000086600000, 0x0000000086500000| Complete 
| 102|0x0000000086600000, 0x0000000086700000, 0x0000000086700000|100%| O|  |TAMS 0x0000000086700000, 0x0000000086600000| Untracked 
| 103|0x0000000086700000, 0x0000000086800000, 0x0000000086800000|100%| O|  |TAMS 0x0000000086800000, 0x0000000086700000| Untracked 
| 104|0x0000000086800000, 0x0000000086900000, 0x0000000086900000|100%| O|  |TAMS 0x0000000086900000, 0x0000000086800000| Untracked 
| 105|0x0000000086900000, 0x0000000086900000, 0x0000000086a00000|  0%| F|  |TAMS 0x0000000086900000, 0x0000000086900000| Untracked 
| 106|0x0000000086a00000, 0x0000000086a00000, 0x0000000086b00000|  0%| F|  |TAMS 0x0000000086a00000, 0x0000000086a00000| Untracked 
| 107|0x0000000086b00000, 0x0000000086b00000, 0x0000000086c00000|  0%| F|  |TAMS 0x0000000086b00000, 0x0000000086b00000| Untracked 
| 108|0x0000000086c00000, 0x0000000086c00000, 0x0000000086d00000|  0%| F|  |TAMS 0x0000000086c00000, 0x0000000086c00000| Untracked 
| 109|0x0000000086d00000, 0x0000000086e00000, 0x0000000086e00000|100%| O|  |TAMS 0x0000000086e00000, 0x0000000086d00000| Untracked 
| 110|0x0000000086e00000, 0x0000000086e00000, 0x0000000086f00000|  0%| F|  |TAMS 0x0000000086e00000, 0x0000000086e00000| Untracked 
| 111|0x0000000086f00000, 0x0000000086f00000, 0x0000000087000000|  0%| F|  |TAMS 0x0000000086f00000, 0x0000000086f00000| Untracked 
| 112|0x0000000087000000, 0x0000000087000000, 0x0000000087100000|  0%| F|  |TAMS 0x0000000087000000, 0x0000000087000000| Untracked 
| 113|0x0000000087100000, 0x0000000087100000, 0x0000000087200000|  0%| F|  |TAMS 0x0000000087100000, 0x0000000087100000| Untracked 
| 114|0x0000000087200000, 0x0000000087300000, 0x0000000087300000|100%| O|  |TAMS 0x0000000087300000, 0x0000000087200000| Complete 
| 115|0x0000000087300000, 0x0000000087400000, 0x0000000087400000|100%| O|  |TAMS 0x0000000087400000, 0x0000000087300000| Complete 
| 116|0x0000000087400000, 0x0000000087500000, 0x0000000087500000|100%| O|  |TAMS 0x0000000087500000, 0x0000000087400000| Untracked 
| 117|0x0000000087500000, 0x0000000087600000, 0x0000000087600000|100%| O|  |TAMS 0x0000000087600000, 0x0000000087500000| Untracked 
| 118|0x0000000087600000, 0x0000000087700000, 0x0000000087700000|100%| O|CS|TAMS 0x0000000087700000, 0x0000000087600000| Complete 
| 119|0x0000000087700000, 0x0000000087700000, 0x0000000087800000|  0%| F|  |TAMS 0x0000000087700000, 0x0000000087700000| Untracked 
| 120|0x0000000087800000, 0x0000000087800000, 0x0000000087900000|  0%| F|  |TAMS 0x0000000087800000, 0x0000000087800000| Untracked 
| 121|0x0000000087900000, 0x0000000087900000, 0x0000000087a00000|  0%| F|  |TAMS 0x0000000087900000, 0x0000000087900000| Untracked 
| 122|0x0000000087a00000, 0x0000000087a00000, 0x0000000087b00000|  0%| F|  |TAMS 0x0000000087a00000, 0x0000000087a00000| Untracked 
| 123|0x0000000087b00000, 0x0000000087c00000, 0x0000000087c00000|100%| O|  |TAMS 0x0000000087c00000, 0x0000000087b00000| Untracked 
| 124|0x0000000087c00000, 0x0000000087c00000, 0x0000000087d00000|  0%| F|  |TAMS 0x0000000087c00000, 0x0000000087c00000| Untracked 
| 125|0x0000000087d00000, 0x0000000087e00000, 0x0000000087e00000|100%| O|CS|TAMS 0x0000000087e00000, 0x0000000087d00000| Complete 
| 126|0x0000000087e00000, 0x0000000087e00000, 0x0000000087f00000|  0%| F|  |TAMS 0x0000000087e00000, 0x0000000087e00000| Untracked 
| 127|0x0000000087f00000, 0x0000000088000000, 0x0000000088000000|100%| O|  |TAMS 0x0000000088000000, 0x0000000087f00000| Untracked 
| 128|0x0000000088000000, 0x0000000088100000, 0x0000000088100000|100%| O|CS|TAMS 0x0000000088100000, 0x0000000088000000| Complete 
| 129|0x0000000088100000, 0x0000000088100000, 0x0000000088200000|  0%| F|  |TAMS 0x0000000088100000, 0x0000000088100000| Untracked 
| 130|0x0000000088200000, 0x0000000088200000, 0x0000000088300000|  0%| F|  |TAMS 0x0000000088200000, 0x0000000088200000| Untracked 
| 131|0x0000000088300000, 0x0000000088400000, 0x0000000088400000|100%| O|CS|TAMS 0x0000000088400000, 0x0000000088300000| Complete 
| 132|0x0000000088400000, 0x0000000088500000, 0x0000000088500000|100%| O|  |TAMS 0x0000000088500000, 0x0000000088400000| Complete 
| 133|0x0000000088500000, 0x0000000088600000, 0x0000000088600000|100%| O|CS|TAMS 0x0000000088600000, 0x0000000088500000| Complete 
| 134|0x0000000088600000, 0x0000000088700000, 0x0000000088700000|100%| O|CS|TAMS 0x0000000088700000, 0x0000000088600000| Complete 
| 135|0x0000000088700000, 0x0000000088800000, 0x0000000088800000|100%| O|  |TAMS 0x0000000088800000, 0x0000000088700000| Complete 
| 136|0x0000000088800000, 0x0000000088900000, 0x0000000088900000|100%| O|  |TAMS 0x0000000088900000, 0x0000000088800000| Untracked 
| 137|0x0000000088900000, 0x0000000088a00000, 0x0000000088a00000|100%| O|  |TAMS 0x0000000088a00000, 0x0000000088900000| Untracked 
| 138|0x0000000088a00000, 0x0000000088b00000, 0x0000000088b00000|100%| O|  |TAMS 0x0000000088b00000, 0x0000000088a00000| Untracked 
| 139|0x0000000088b00000, 0x0000000088c00000, 0x0000000088c00000|100%| O|  |TAMS 0x0000000088c00000, 0x0000000088b00000| Untracked 
| 140|0x0000000088c00000, 0x0000000088d00000, 0x0000000088d00000|100%| O|  |TAMS 0x0000000088d00000, 0x0000000088c00000| Complete 
| 141|0x0000000088d00000, 0x0000000088e00000, 0x0000000088e00000|100%| O|  |TAMS 0x0000000088e00000, 0x0000000088d00000| Complete 
| 142|0x0000000088e00000, 0x0000000088f00000, 0x0000000088f00000|100%| O|  |TAMS 0x0000000088f00000, 0x0000000088e00000| Complete 
| 143|0x0000000088f00000, 0x0000000089000000, 0x0000000089000000|100%| O|CS|TAMS 0x0000000089000000, 0x0000000088f00000| Complete 
| 144|0x0000000089000000, 0x0000000089000000, 0x0000000089100000|  0%| F|  |TAMS 0x0000000089000000, 0x0000000089000000| Untracked 
| 145|0x0000000089100000, 0x0000000089100000, 0x0000000089200000|  0%| F|  |TAMS 0x0000000089100000, 0x0000000089100000| Untracked 
| 146|0x0000000089200000, 0x0000000089200000, 0x0000000089300000|  0%| F|  |TAMS 0x0000000089200000, 0x0000000089200000| Untracked 
| 147|0x0000000089300000, 0x0000000089300000, 0x0000000089400000|  0%| F|  |TAMS 0x0000000089300000, 0x0000000089300000| Untracked 
| 148|0x0000000089400000, 0x0000000089400000, 0x0000000089500000|  0%| F|  |TAMS 0x0000000089400000, 0x0000000089400000| Untracked 
| 149|0x0000000089500000, 0x0000000089500000, 0x0000000089600000|  0%| F|  |TAMS 0x0000000089500000, 0x0000000089500000| Untracked 
| 150|0x0000000089600000, 0x0000000089600000, 0x0000000089700000|  0%| F|  |TAMS 0x0000000089600000, 0x0000000089600000| Untracked 
| 151|0x0000000089700000, 0x0000000089700000, 0x0000000089800000|  0%| F|  |TAMS 0x0000000089700000, 0x0000000089700000| Untracked 
| 152|0x0000000089800000, 0x0000000089800000, 0x0000000089900000|  0%| F|  |TAMS 0x0000000089800000, 0x0000000089800000| Untracked 
| 153|0x0000000089900000, 0x0000000089900000, 0x0000000089a00000|  0%| F|  |TAMS 0x0000000089900000, 0x0000000089900000| Untracked 
| 154|0x0000000089a00000, 0x0000000089a00000, 0x0000000089b00000|  0%| F|  |TAMS 0x0000000089a00000, 0x0000000089a00000| Untracked 
| 155|0x0000000089b00000, 0x0000000089b00000, 0x0000000089c00000|  0%| F|  |TAMS 0x0000000089b00000, 0x0000000089b00000| Untracked 
| 156|0x0000000089c00000, 0x0000000089c00000, 0x0000000089d00000|  0%| F|  |TAMS 0x0000000089c00000, 0x0000000089c00000| Untracked 
| 157|0x0000000089d00000, 0x0000000089d00000, 0x0000000089e00000|  0%| F|  |TAMS 0x0000000089d00000, 0x0000000089d00000| Untracked 
| 158|0x0000000089e00000, 0x0000000089e00000, 0x0000000089f00000|  0%| F|  |TAMS 0x0000000089e00000, 0x0000000089e00000| Untracked 
| 159|0x0000000089f00000, 0x0000000089f00000, 0x000000008a000000|  0%| F|  |TAMS 0x0000000089f00000, 0x0000000089f00000| Untracked 
| 160|0x000000008a000000, 0x000000008a000000, 0x000000008a100000|  0%| F|  |TAMS 0x000000008a000000, 0x000000008a000000| Untracked 
| 161|0x000000008a100000, 0x000000008a100000, 0x000000008a200000|  0%| F|  |TAMS 0x000000008a100000, 0x000000008a100000| Untracked 
| 162|0x000000008a200000, 0x000000008a200000, 0x000000008a300000|  0%| F|  |TAMS 0x000000008a200000, 0x000000008a200000| Untracked 
| 163|0x000000008a300000, 0x000000008a300000, 0x000000008a400000|  0%| F|  |TAMS 0x000000008a300000, 0x000000008a300000| Untracked 
| 164|0x000000008a400000, 0x000000008a400000, 0x000000008a500000|  0%| F|  |TAMS 0x000000008a400000, 0x000000008a400000| Untracked 
| 165|0x000000008a500000, 0x000000008a500000, 0x000000008a600000|  0%| F|  |TAMS 0x000000008a500000, 0x000000008a500000| Untracked 
| 166|0x000000008a600000, 0x000000008a600000, 0x000000008a700000|  0%| F|  |TAMS 0x000000008a600000, 0x000000008a600000| Untracked 
| 167|0x000000008a700000, 0x000000008a700000, 0x000000008a800000|  0%| F|  |TAMS 0x000000008a700000, 0x000000008a700000| Untracked 
| 168|0x000000008a800000, 0x000000008a800000, 0x000000008a900000|  0%| F|  |TAMS 0x000000008a800000, 0x000000008a800000| Untracked 
| 169|0x000000008a900000, 0x000000008a900000, 0x000000008aa00000|  0%| F|  |TAMS 0x000000008a900000, 0x000000008a900000| Untracked 
| 170|0x000000008aa00000, 0x000000008aa00000, 0x000000008ab00000|  0%| F|  |TAMS 0x000000008aa00000, 0x000000008aa00000| Untracked 
| 171|0x000000008ab00000, 0x000000008ab00000, 0x000000008ac00000|  0%| F|  |TAMS 0x000000008ab00000, 0x000000008ab00000| Untracked 
| 172|0x000000008ac00000, 0x000000008ac00000, 0x000000008ad00000|  0%| F|  |TAMS 0x000000008ac00000, 0x000000008ac00000| Untracked 
| 173|0x000000008ad00000, 0x000000008ad00000, 0x000000008ae00000|  0%| F|  |TAMS 0x000000008ad00000, 0x000000008ad00000| Untracked 
| 174|0x000000008ae00000, 0x000000008ae00000, 0x000000008af00000|  0%| F|  |TAMS 0x000000008ae00000, 0x000000008ae00000| Untracked 
| 175|0x000000008af00000, 0x000000008af00000, 0x000000008b000000|  0%| F|  |TAMS 0x000000008af00000, 0x000000008af00000| Untracked 
| 176|0x000000008b000000, 0x000000008b000000, 0x000000008b100000|  0%| F|  |TAMS 0x000000008b000000, 0x000000008b000000| Untracked 
| 177|0x000000008b100000, 0x000000008b100000, 0x000000008b200000|  0%| F|  |TAMS 0x000000008b100000, 0x000000008b100000| Untracked 
| 178|0x000000008b200000, 0x000000008b200000, 0x000000008b300000|  0%| F|  |TAMS 0x000000008b200000, 0x000000008b200000| Untracked 
| 179|0x000000008b300000, 0x000000008b300000, 0x000000008b400000|  0%| F|  |TAMS 0x000000008b300000, 0x000000008b300000| Untracked 
| 180|0x000000008b400000, 0x000000008b400000, 0x000000008b500000|  0%| F|  |TAMS 0x000000008b400000, 0x000000008b400000| Untracked 
| 181|0x000000008b500000, 0x000000008b500000, 0x000000008b600000|  0%| F|  |TAMS 0x000000008b500000, 0x000000008b500000| Untracked 
| 182|0x000000008b600000, 0x000000008b600000, 0x000000008b700000|  0%| F|  |TAMS 0x000000008b600000, 0x000000008b600000| Untracked 
| 183|0x000000008b700000, 0x000000008b700000, 0x000000008b800000|  0%| F|  |TAMS 0x000000008b700000, 0x000000008b700000| Untracked 
| 184|0x000000008b800000, 0x000000008b800000, 0x000000008b900000|  0%| F|  |TAMS 0x000000008b800000, 0x000000008b800000| Untracked 
| 185|0x000000008b900000, 0x000000008b900000, 0x000000008ba00000|  0%| F|  |TAMS 0x000000008b900000, 0x000000008b900000| Untracked 
| 186|0x000000008ba00000, 0x000000008ba00000, 0x000000008bb00000|  0%| F|  |TAMS 0x000000008ba00000, 0x000000008ba00000| Untracked 
| 187|0x000000008bb00000, 0x000000008bb00000, 0x000000008bc00000|  0%| F|  |TAMS 0x000000008bb00000, 0x000000008bb00000| Untracked 
| 188|0x000000008bc00000, 0x000000008bc00000, 0x000000008bd00000|  0%| F|  |TAMS 0x000000008bc00000, 0x000000008bc00000| Untracked 
| 189|0x000000008bd00000, 0x000000008bd00000, 0x000000008be00000|  0%| F|  |TAMS 0x000000008bd00000, 0x000000008bd00000| Untracked 
| 190|0x000000008be00000, 0x000000008be00000, 0x000000008bf00000|  0%| F|  |TAMS 0x000000008be00000, 0x000000008be00000| Untracked 
| 191|0x000000008bf00000, 0x000000008bf00000, 0x000000008c000000|  0%| F|  |TAMS 0x000000008bf00000, 0x000000008bf00000| Untracked 
| 192|0x000000008c000000, 0x000000008c000000, 0x000000008c100000|  0%| F|  |TAMS 0x000000008c000000, 0x000000008c000000| Untracked 
| 193|0x000000008c100000, 0x000000008c100000, 0x000000008c200000|  0%| F|  |TAMS 0x000000008c100000, 0x000000008c100000| Untracked 
| 194|0x000000008c200000, 0x000000008c200000, 0x000000008c300000|  0%| F|  |TAMS 0x000000008c200000, 0x000000008c200000| Untracked 
| 195|0x000000008c300000, 0x000000008c300000, 0x000000008c400000|  0%| F|  |TAMS 0x000000008c300000, 0x000000008c300000| Untracked 
| 196|0x000000008c400000, 0x000000008c400000, 0x000000008c500000|  0%| F|  |TAMS 0x000000008c400000, 0x000000008c400000| Untracked 
| 197|0x000000008c500000, 0x000000008c500000, 0x000000008c600000|  0%| F|  |TAMS 0x000000008c500000, 0x000000008c500000| Untracked 
| 198|0x000000008c600000, 0x000000008c600000, 0x000000008c700000|  0%| F|  |TAMS 0x000000008c600000, 0x000000008c600000| Untracked 
| 199|0x000000008c700000, 0x000000008c700000, 0x000000008c800000|  0%| F|  |TAMS 0x000000008c700000, 0x000000008c700000| Untracked 
| 200|0x000000008c800000, 0x000000008c800000, 0x000000008c900000|  0%| F|  |TAMS 0x000000008c800000, 0x000000008c800000| Untracked 
| 201|0x000000008c900000, 0x000000008c900000, 0x000000008ca00000|  0%| F|  |TAMS 0x000000008c900000, 0x000000008c900000| Untracked 
| 202|0x000000008ca00000, 0x000000008ca00000, 0x000000008cb00000|  0%| F|  |TAMS 0x000000008ca00000, 0x000000008ca00000| Untracked 
| 203|0x000000008cb00000, 0x000000008cb00000, 0x000000008cc00000|  0%| F|  |TAMS 0x000000008cb00000, 0x000000008cb00000| Untracked 
| 204|0x000000008cc00000, 0x000000008cc00000, 0x000000008cd00000|  0%| F|  |TAMS 0x000000008cc00000, 0x000000008cc00000| Untracked 
| 205|0x000000008cd00000, 0x000000008cd00000, 0x000000008ce00000|  0%| F|  |TAMS 0x000000008cd00000, 0x000000008cd00000| Untracked 
| 206|0x000000008ce00000, 0x000000008ce00000, 0x000000008cf00000|  0%| F|  |TAMS 0x000000008ce00000, 0x000000008ce00000| Untracked 
| 207|0x000000008cf00000, 0x000000008cf00000, 0x000000008d000000|  0%| F|  |TAMS 0x000000008cf00000, 0x000000008cf00000| Untracked 
| 208|0x000000008d000000, 0x000000008d000000, 0x000000008d100000|  0%| F|  |TAMS 0x000000008d000000, 0x000000008d000000| Untracked 
| 209|0x000000008d100000, 0x000000008d100000, 0x000000008d200000|  0%| F|  |TAMS 0x000000008d100000, 0x000000008d100000| Untracked 
| 210|0x000000008d200000, 0x000000008d200000, 0x000000008d300000|  0%| F|  |TAMS 0x000000008d200000, 0x000000008d200000| Untracked 
| 211|0x000000008d300000, 0x000000008d300000, 0x000000008d400000|  0%| F|  |TAMS 0x000000008d300000, 0x000000008d300000| Untracked 
| 212|0x000000008d400000, 0x000000008d400000, 0x000000008d500000|  0%| F|  |TAMS 0x000000008d400000, 0x000000008d400000| Untracked 
| 213|0x000000008d500000, 0x000000008d500000, 0x000000008d600000|  0%| F|  |TAMS 0x000000008d500000, 0x000000008d500000| Untracked 
| 214|0x000000008d600000, 0x000000008d600000, 0x000000008d700000|  0%| F|  |TAMS 0x000000008d600000, 0x000000008d600000| Untracked 
| 215|0x000000008d700000, 0x000000008d700000, 0x000000008d800000|  0%| F|  |TAMS 0x000000008d700000, 0x000000008d700000| Untracked 
| 216|0x000000008d800000, 0x000000008d800000, 0x000000008d900000|  0%| F|  |TAMS 0x000000008d800000, 0x000000008d800000| Untracked 
| 217|0x000000008d900000, 0x000000008d900000, 0x000000008da00000|  0%| F|  |TAMS 0x000000008d900000, 0x000000008d900000| Untracked 
| 218|0x000000008da00000, 0x000000008da00000, 0x000000008db00000|  0%| F|  |TAMS 0x000000008da00000, 0x000000008da00000| Untracked 
| 219|0x000000008db00000, 0x000000008db00000, 0x000000008dc00000|  0%| F|  |TAMS 0x000000008db00000, 0x000000008db00000| Untracked 
| 220|0x000000008dc00000, 0x000000008dc00000, 0x000000008dd00000|  0%| F|  |TAMS 0x000000008dc00000, 0x000000008dc00000| Untracked 
| 221|0x000000008dd00000, 0x000000008dd00000, 0x000000008de00000|  0%| F|  |TAMS 0x000000008dd00000, 0x000000008dd00000| Untracked 
| 222|0x000000008de00000, 0x000000008de00000, 0x000000008df00000|  0%| F|  |TAMS 0x000000008de00000, 0x000000008de00000| Untracked 
| 223|0x000000008df00000, 0x000000008df00000, 0x000000008e000000|  0%| F|  |TAMS 0x000000008df00000, 0x000000008df00000| Untracked 
| 224|0x000000008e000000, 0x000000008e000000, 0x000000008e100000|  0%| F|  |TAMS 0x000000008e000000, 0x000000008e000000| Untracked 
| 225|0x000000008e100000, 0x000000008e100000, 0x000000008e200000|  0%| F|  |TAMS 0x000000008e100000, 0x000000008e100000| Untracked 
| 226|0x000000008e200000, 0x000000008e200000, 0x000000008e300000|  0%| F|  |TAMS 0x000000008e200000, 0x000000008e200000| Untracked 
| 227|0x000000008e300000, 0x000000008e300000, 0x000000008e400000|  0%| F|  |TAMS 0x000000008e300000, 0x000000008e300000| Untracked 
| 228|0x000000008e400000, 0x000000008e400000, 0x000000008e500000|  0%| F|  |TAMS 0x000000008e400000, 0x000000008e400000| Untracked 
| 229|0x000000008e500000, 0x000000008e500000, 0x000000008e600000|  0%| F|  |TAMS 0x000000008e500000, 0x000000008e500000| Untracked 
| 230|0x000000008e600000, 0x000000008e600000, 0x000000008e700000|  0%| F|  |TAMS 0x000000008e600000, 0x000000008e600000| Untracked 
| 231|0x000000008e700000, 0x000000008e700000, 0x000000008e800000|  0%| F|  |TAMS 0x000000008e700000, 0x000000008e700000| Untracked 
| 232|0x000000008e800000, 0x000000008e800000, 0x000000008e900000|  0%| F|  |TAMS 0x000000008e800000, 0x000000008e800000| Untracked 
| 233|0x000000008e900000, 0x000000008e900000, 0x000000008ea00000|  0%| F|  |TAMS 0x000000008e900000, 0x000000008e900000| Untracked 
| 234|0x000000008ea00000, 0x000000008ea00000, 0x000000008eb00000|  0%| F|  |TAMS 0x000000008ea00000, 0x000000008ea00000| Untracked 
| 235|0x000000008eb00000, 0x000000008eb00000, 0x000000008ec00000|  0%| F|  |TAMS 0x000000008eb00000, 0x000000008eb00000| Untracked 
| 236|0x000000008ec00000, 0x000000008ec00000, 0x000000008ed00000|  0%| F|  |TAMS 0x000000008ec00000, 0x000000008ec00000| Untracked 
| 237|0x000000008ed00000, 0x000000008ed00000, 0x000000008ee00000|  0%| F|  |TAMS 0x000000008ed00000, 0x000000008ed00000| Untracked 
| 238|0x000000008ee00000, 0x000000008ee00000, 0x000000008ef00000|  0%| F|  |TAMS 0x000000008ee00000, 0x000000008ee00000| Untracked 
| 239|0x000000008ef00000, 0x000000008ef00000, 0x000000008f000000|  0%| F|  |TAMS 0x000000008ef00000, 0x000000008ef00000| Untracked 
| 240|0x000000008f000000, 0x000000008f000000, 0x000000008f100000|  0%| F|  |TAMS 0x000000008f000000, 0x000000008f000000| Untracked 
| 241|0x000000008f100000, 0x000000008f100000, 0x000000008f200000|  0%| F|  |TAMS 0x000000008f100000, 0x000000008f100000| Untracked 
| 242|0x000000008f200000, 0x000000008f200000, 0x000000008f300000|  0%| F|  |TAMS 0x000000008f200000, 0x000000008f200000| Untracked 
| 243|0x000000008f300000, 0x000000008f300000, 0x000000008f400000|  0%| F|  |TAMS 0x000000008f300000, 0x000000008f300000| Untracked 
| 244|0x000000008f400000, 0x000000008f400000, 0x000000008f500000|  0%| F|  |TAMS 0x000000008f400000, 0x000000008f400000| Untracked 
| 245|0x000000008f500000, 0x000000008f500000, 0x000000008f600000|  0%| F|  |TAMS 0x000000008f500000, 0x000000008f500000| Untracked 
| 246|0x000000008f600000, 0x000000008f600000, 0x000000008f700000|  0%| F|  |TAMS 0x000000008f600000, 0x000000008f600000| Untracked 
| 247|0x000000008f700000, 0x000000008f700000, 0x000000008f800000|  0%| F|  |TAMS 0x000000008f700000, 0x000000008f700000| Untracked 
| 248|0x000000008f800000, 0x000000008f800000, 0x000000008f900000|  0%| F|  |TAMS 0x000000008f800000, 0x000000008f800000| Untracked 
| 249|0x000000008f900000, 0x000000008f900000, 0x000000008fa00000|  0%| F|  |TAMS 0x000000008f900000, 0x000000008f900000| Untracked 
| 250|0x000000008fa00000, 0x000000008fb00000, 0x000000008fb00000|100%| S|CS|TAMS 0x000000008fa00000, 0x000000008fa00000| Complete 
| 251|0x000000008fb00000, 0x000000008fb00000, 0x000000008fc00000|  0%| F|  |TAMS 0x000000008fb00000, 0x000000008fb00000| Untracked 
| 252|0x000000008fc00000, 0x000000008fc00000, 0x000000008fd00000|  0%| F|  |TAMS 0x000000008fc00000, 0x000000008fc00000| Untracked 
| 253|0x000000008fd00000, 0x000000008fd00000, 0x000000008fe00000|  0%| F|  |TAMS 0x000000008fd00000, 0x000000008fd00000| Untracked 
| 254|0x000000008fe00000, 0x000000008fe00000, 0x000000008ff00000|  0%| F|  |TAMS 0x000000008fe00000, 0x000000008fe00000| Untracked 
| 255|0x000000008ff00000, 0x000000008ff6aee8, 0x0000000090000000| 41%| E|  |TAMS 0x000000008ff00000, 0x000000008ff00000| Complete 

Card table byte_map: [0x00000154a89f0000,0x00000154a8df0000] _byte_map_base: 0x00000154a85f0000

Marking Bits (Prev, Next): (CMBitMap*) 0x000001549506e958, (CMBitMap*) 0x000001549506e990
 Prev Bits: [0x00000154a91f0000, 0x00000154ab1f0000)
 Next Bits: [0x00000154ab1f0000, 0x00000154ad1f0000)

Polling page: 0x0000015498b50000

Metaspace:

Usage:
  Non-class:    120.65 MB capacity,   117.51 MB ( 97%) used,     2.58 MB (  2%) free+waste,   582.06 KB ( <1%) overhead. 
      Class:     18.16 MB capacity,    16.36 MB ( 90%) used,     1.54 MB (  8%) free+waste,   259.44 KB (  1%) overhead. 
       Both:    138.81 MB capacity,   133.87 MB ( 96%) used,     4.12 MB (  3%) free+waste,   841.50 KB ( <1%) overhead. 

Virtual space:
  Non-class space:      122.00 MB reserved,     120.83 MB (>99%) committed 
      Class space:        1.00 GB reserved,      18.25 MB (  2%) committed 
             Both:        1.12 GB reserved,     139.08 MB ( 12%) committed 

Chunk freelists:
   Non-Class:  2.00 KB
       Class:  0 bytes
        Both:  2.00 KB

MaxMetaspaceSize: 17179869184.00 GB
CompressedClassSpaceSize: 1.00 GB
Initial GC threshold: 20.80 MB
Current GC threshold: 231.38 MB
CDS: off

CodeHeap 'non-profiled nmethods': size=120000Kb used=20157Kb max_used=20554Kb free=99843Kb
 bounds [0x00000154a0640000, 0x00000154a1a60000, 0x00000154a7b70000]
CodeHeap 'profiled nmethods': size=120000Kb used=52677Kb max_used=54039Kb free=67322Kb
 bounds [0x0000015499110000, 0x000001549c5e0000, 0x00000154a0640000]
CodeHeap 'non-nmethods': size=5760Kb used=2482Kb max_used=2559Kb free=3277Kb
 bounds [0x0000015498b70000, 0x0000015498e00000, 0x0000015499110000]
 total_blobs=25384 nmethods=24362 adapters=933
 compilation: enabled
              stopped_count=0, restarted_count=0
 full_count=0

Compilation events (20 events):
Event: 3275.921 Thread 0x00000154b05cb000 27570       3       org.gradle.api.internal.artifacts.ivyservice.resolveengine.graph.conflicts.DefaultCapabilitiesConflictHandler::hasConflicts (18 bytes)
Event: 3275.921 Thread 0x00000154b05cb000 nmethod 27570 0x000001549a0b9e10 code [0x000001549a0b9fe0, 0x000001549a0ba208]
Event: 3275.921 Thread 0x00000154b05cb000 27571       3       org.gradle.api.internal.artifacts.ivyservice.resolutionstrategy.DefaultResolutionStrategy_Decorated::isFailingOnDynamicVersions (45 bytes)
Event: 3275.921 Thread 0x00000154b05cb000 nmethod 27571 0x00000154999be910 code [0x00000154999beb00, 0x00000154999bef38]
Event: 3275.922 Thread 0x00000154b05cb000 27573       3       org.gradle.api.internal.artifacts.ivyservice.resolveengine.graph.builder.RootNode::getOutgoingFileEdges (10 bytes)
Event: 3275.922 Thread 0x00000154b05cb000 nmethod 27573 0x000001549a0d9690 code [0x000001549a0d9860, 0x000001549a0d9ba8]
Event: 3275.923 Thread 0x00000154b05cb000 27574       3       org.gradle.api.internal.artifacts.ivyservice.resolveengine.projectresult.ResolvedLocalComponentsResultGraphVisitor::finish (1 bytes)
Event: 3275.923 Thread 0x00000154b05cb000 nmethod 27574 0x000001549a266190 code [0x000001549a266340, 0x000001549a266438]
Event: 3275.923 Thread 0x00000154b05cb000 27575       3       org.gradle.api.internal.artifacts.ivyservice.resolveengine.oldresult.ResolutionFailureCollector::finish (1 bytes)
Event: 3275.923 Thread 0x00000154b05cb000 nmethod 27575 0x000001549a3efc90 code [0x000001549a3efe40, 0x000001549a3eff38]
Event: 3275.923 Thread 0x00000154b05cb000 27576       3       org.gradle.api.internal.artifacts.ivyservice.resolveengine.artifact.DefaultResolvedArtifactsBuilder::finishArtifacts (1 bytes)
Event: 3275.923 Thread 0x00000154b05cb000 nmethod 27576 0x000001549a3f0490 code [0x000001549a3f0640, 0x000001549a3f0738]
Event: 3275.923 Thread 0x00000154b05cb000 27577       3       org.gradle.api.internal.artifacts.ivyservice.resolveengine.artifact.BuildDependenciesOnlyVisitedArtifactSet::<init> (26 bytes)
Event: 3275.924 Thread 0x00000154b05cb000 nmethod 27577 0x000001549b244d10 code [0x000001549b244ee0, 0x000001549b2451b8]
Event: 3275.935 Thread 0x00000154b05cb000 27579       3       org.gradle.api.internal.tasks.AbstractTaskDependencyResolveContext::<init> (5 bytes)
Event: 3275.935 Thread 0x00000154b05cb000 nmethod 27579 0x00000154998f6410 code [0x00000154998f65c0, 0x00000154998f6718]
Event: 3275.935 Thread 0x00000154b05cb000 27580       3       org.gradle.api.internal.tasks.CachingTaskDependencyResolveContext$TaskGraphImpl::<init> (15 bytes)
Event: 3275.935 Thread 0x00000154b05cb000 nmethod 27580 0x0000015499a75710 code [0x0000015499a758c0, 0x0000015499a75ad8]
Event: 3275.935 Thread 0x00000154b05cb000 27581       3       org.gradle.internal.graph.CachingDirectedGraphWalker::<init> (50 bytes)
Event: 3275.936 Thread 0x00000154b05cb000 nmethod 27581 0x000001549aa29c90 code [0x000001549aa29f20, 0x000001549aa2aae8]

GC Heap History (20 events):
Event: 3200.648 GC heap before
{Heap before GC invocations=73 (full 0):
 garbage-first heap   total 262144K, used 148911K [0x0000000080000000, 0x0000000100000000)
  region size 1024K, 32 young (32768K), 2 survivors (2048K)
 Metaspace       used 136730K, capacity 141790K, committed 141904K, reserved 1173504K
  class space    used 16740K, capacity 18579K, committed 18688K, reserved 1048576K
}
Event: 3200.662 GC heap after
{Heap after GC invocations=74 (full 0):
 garbage-first heap   total 262144K, used 136421K [0x0000000080000000, 0x0000000100000000)
  region size 1024K, 8 young (8192K), 8 survivors (8192K)
 Metaspace       used 136730K, capacity 141790K, committed 141904K, reserved 1173504K
  class space    used 16740K, capacity 18579K, committed 18688K, reserved 1048576K
}
Event: 3201.957 GC heap before
{Heap before GC invocations=75 (full 0):
 garbage-first heap   total 262144K, used 198885K [0x0000000080000000, 0x0000000100000000)
  region size 1024K, 53 young (54272K), 8 survivors (8192K)
 Metaspace       used 136779K, capacity 141861K, committed 142160K, reserved 1173504K
  class space    used 16740K, capacity 18580K, committed 18688K, reserved 1048576K
}
Event: 3201.969 GC heap after
{Heap after GC invocations=76 (full 0):
 garbage-first heap   total 262144K, used 143520K [0x0000000080000000, 0x0000000100000000)
  region size 1024K, 7 young (7168K), 7 survivors (7168K)
 Metaspace       used 136779K, capacity 141861K, committed 142160K, reserved 1173504K
  class space    used 16740K, capacity 18580K, committed 18688K, reserved 1048576K
}
Event: 3201.979 GC heap before
{Heap before GC invocations=76 (full 0):
 garbage-first heap   total 262144K, used 148640K [0x0000000080000000, 0x0000000100000000)
  region size 1024K, 12 young (12288K), 7 survivors (7168K)
 Metaspace       used 136782K, capacity 141861K, committed 142160K, reserved 1173504K
  class space    used 16740K, capacity 18580K, committed 18688K, reserved 1048576K
}
Event: 3201.991 GC heap after
{Heap after GC invocations=77 (full 0):
 garbage-first heap   total 262144K, used 133423K [0x0000000080000000, 0x0000000100000000)
  region size 1024K, 1 young (1024K), 1 survivors (1024K)
 Metaspace       used 136782K, capacity 141861K, committed 142160K, reserved 1173504K
  class space    used 16740K, capacity 18580K, committed 18688K, reserved 1048576K
}
Event: 3202.108 GC heap before
{Heap before GC invocations=77 (full 0):
 garbage-first heap   total 262144K, used 150831K [0x0000000080000000, 0x0000000100000000)
  region size 1024K, 20 young (20480K), 1 survivors (1024K)
 Metaspace       used 136795K, capacity 141866K, committed 142160K, reserved 1173504K
  class space    used 16740K, capacity 18580K, committed 18688K, reserved 1048576K
}
Event: 3202.116 GC heap after
{Heap after GC invocations=78 (full 0):
 garbage-first heap   total 262144K, used 133864K [0x0000000080000000, 0x0000000100000000)
  region size 1024K, 2 young (2048K), 2 survivors (2048K)
 Metaspace       used 136795K, capacity 141866K, committed 142160K, reserved 1173504K
  class space    used 16740K, capacity 18580K, committed 18688K, reserved 1048576K
}
Event: 3269.467 GC heap before
{Heap before GC invocations=79 (full 0):
 garbage-first heap   total 262144K, used 189160K [0x0000000080000000, 0x0000000100000000)
  region size 1024K, 55 young (56320K), 2 survivors (2048K)
 Metaspace       used 136859K, capacity 141932K, committed 142160K, reserved 1173504K
  class space    used 16742K, capacity 18580K, committed 18688K, reserved 1048576K
}
Event: 3269.474 GC heap after
{Heap after GC invocations=80 (full 0):
 garbage-first heap   total 262144K, used 129685K [0x0000000080000000, 0x0000000100000000)
  region size 1024K, 7 young (7168K), 7 survivors (7168K)
 Metaspace       used 136859K, capacity 141932K, committed 142160K, reserved 1173504K
  class space    used 16742K, capacity 18580K, committed 18688K, reserved 1048576K
}
Event: 3269.494 GC heap before
{Heap before GC invocations=80 (full 0):
 garbage-first heap   total 262144K, used 133781K [0x0000000080000000, 0x0000000100000000)
  region size 1024K, 12 young (12288K), 7 survivors (7168K)
 Metaspace       used 136859K, capacity 141932K, committed 142160K, reserved 1173504K
  class space    used 16742K, capacity 18580K, committed 18688K, reserved 1048576K
}
Event: 3269.503 GC heap after
{Heap after GC invocations=81 (full 0):
 garbage-first heap   total 262144K, used 122641K [0x0000000080000000, 0x0000000100000000)
  region size 1024K, 2 young (2048K), 2 survivors (2048K)
 Metaspace       used 136859K, capacity 141932K, committed 142160K, reserved 1173504K
  class space    used 16742K, capacity 18580K, committed 18688K, reserved 1048576K
}
Event: 3269.628 GC heap before
{Heap before GC invocations=81 (full 0):
 garbage-first heap   total 262144K, used 149265K [0x0000000080000000, 0x0000000100000000)
  region size 1024K, 30 young (30720K), 2 survivors (2048K)
 Metaspace       used 136877K, capacity 141996K, committed 142160K, reserved 1173504K
  class space    used 16742K, capacity 18580K, committed 18688K, reserved 1048576K
}
Event: 3269.643 GC heap after
{Heap after GC invocations=82 (full 0):
 garbage-first heap   total 262144K, used 139264K [0x0000000080000000, 0x0000000100000000)
  region size 1024K, 8 young (8192K), 8 survivors (8192K)
 Metaspace       used 136877K, capacity 141996K, committed 142160K, reserved 1173504K
  class space    used 16742K, capacity 18580K, committed 18688K, reserved 1048576K
}
Event: 3271.134 GC heap before
{Heap before GC invocations=83 (full 0):
 garbage-first heap   total 262144K, used 198656K [0x0000000080000000, 0x0000000100000000)
  region size 1024K, 52 young (53248K), 8 survivors (8192K)
 Metaspace       used 136900K, capacity 141997K, committed 142160K, reserved 1173504K
  class space    used 16742K, capacity 18580K, committed 18688K, reserved 1048576K
}
Event: 3271.144 GC heap after
{Heap after GC invocations=84 (full 0):
 garbage-first heap   total 262144K, used 143859K [0x0000000080000000, 0x0000000100000000)
  region size 1024K, 7 young (7168K), 7 survivors (7168K)
 Metaspace       used 136900K, capacity 141997K, committed 142160K, reserved 1173504K
  class space    used 16742K, capacity 18580K, committed 18688K, reserved 1048576K
}
Event: 3271.149 GC heap before
{Heap before GC invocations=84 (full 0):
 garbage-first heap   total 262144K, used 147955K [0x0000000080000000, 0x0000000100000000)
  region size 1024K, 12 young (12288K), 7 survivors (7168K)
 Metaspace       used 136903K, capacity 141997K, committed 142160K, reserved 1173504K
  class space    used 16742K, capacity 18580K, committed 18688K, reserved 1048576K
}
Event: 3271.158 GC heap after
{Heap after GC invocations=85 (full 0):
 garbage-first heap   total 262144K, used 134096K [0x0000000080000000, 0x0000000100000000)
  region size 1024K, 1 young (1024K), 1 survivors (1024K)
 Metaspace       used 136903K, capacity 141997K, committed 142160K, reserved 1173504K
  class space    used 16742K, capacity 18580K, committed 18688K, reserved 1048576K
}
Event: 3271.257 GC heap before
{Heap before GC invocations=85 (full 0):
 garbage-first heap   total 262144K, used 152528K [0x0000000080000000, 0x0000000100000000)
  region size 1024K, 21 young (21504K), 1 survivors (1024K)
 Metaspace       used 136935K, capacity 142034K, committed 142160K, reserved 1173504K
  class space    used 16745K, capacity 18586K, committed 18688K, reserved 1048576K
}
Event: 3271.261 GC heap after
{Heap after GC invocations=86 (full 0):
 garbage-first heap   total 262144K, used 134369K [0x0000000080000000, 0x0000000100000000)
  region size 1024K, 2 young (2048K), 2 survivors (2048K)
 Metaspace       used 136935K, capacity 142034K, committed 142160K, reserved 1173504K
  class space    used 16745K, capacity 18586K, committed 18688K, reserved 1048576K
}

Deoptimization events (20 events):
Event: 3271.302 Thread 0x00000154b4457800 Uncommon trap: trap_request=0xffffffbe fr.pc=0x00000154a115eb2c relative=0x000000000000044c
Event: 3271.302 Thread 0x00000154b4457800 Uncommon trap: reason=profile_predicate action=maybe_recompile pc=0x00000154a115eb2c method=com.google.common.collect.ImmutableList.copyIntoArray([Ljava/lang/Object;I)I @ 11 c2
Event: 3271.302 Thread 0x00000154b4457800 DEOPT PACKING pc=0x00000154a115eb2c sp=0x000000258effb880
Event: 3271.302 Thread 0x00000154b4457800 DEOPT UNPACKING pc=0x0000015498bba1af sp=0x000000258effb848 mode 2
Event: 3271.302 Thread 0x00000154b4457800 Uncommon trap: trap_request=0xffffffbe fr.pc=0x00000154a115eb2c relative=0x000000000000044c
Event: 3271.302 Thread 0x00000154b4457800 Uncommon trap: reason=profile_predicate action=maybe_recompile pc=0x00000154a115eb2c method=com.google.common.collect.ImmutableList.copyIntoArray([Ljava/lang/Object;I)I @ 11 c2
Event: 3271.302 Thread 0x00000154b4457800 DEOPT PACKING pc=0x00000154a115eb2c sp=0x000000258effb790
Event: 3271.302 Thread 0x00000154b4457800 DEOPT UNPACKING pc=0x0000015498bba1af sp=0x000000258effb758 mode 2
Event: 3271.302 Thread 0x00000154b4457800 Uncommon trap: trap_request=0xffffffbe fr.pc=0x00000154a115eb2c relative=0x000000000000044c
Event: 3271.302 Thread 0x00000154b4457800 Uncommon trap: reason=profile_predicate action=maybe_recompile pc=0x00000154a115eb2c method=com.google.common.collect.ImmutableList.copyIntoArray([Ljava/lang/Object;I)I @ 11 c2
Event: 3271.302 Thread 0x00000154b4457800 DEOPT PACKING pc=0x00000154a115eb2c sp=0x000000258effb880
Event: 3271.302 Thread 0x00000154b4457800 DEOPT UNPACKING pc=0x0000015498bba1af sp=0x000000258effb848 mode 2
Event: 3271.302 Thread 0x00000154b4457800 Uncommon trap: trap_request=0xffffffbe fr.pc=0x00000154a115eb2c relative=0x000000000000044c
Event: 3271.302 Thread 0x00000154b4457800 Uncommon trap: reason=profile_predicate action=maybe_recompile pc=0x00000154a115eb2c method=com.google.common.collect.ImmutableList.copyIntoArray([Ljava/lang/Object;I)I @ 11 c2
Event: 3271.302 Thread 0x00000154b4457800 DEOPT PACKING pc=0x00000154a115eb2c sp=0x000000258effb790
Event: 3271.302 Thread 0x00000154b4457800 DEOPT UNPACKING pc=0x0000015498bba1af sp=0x000000258effb758 mode 2
Event: 3275.594 Thread 0x00000154b4268800 Uncommon trap: trap_request=0xffffff4d fr.pc=0x00000154a0e3daf8 relative=0x00000000000004f8
Event: 3275.594 Thread 0x00000154b4268800 Uncommon trap: reason=unstable_if action=reinterpret pc=0x00000154a0e3daf8 method=org.gradle.internal.logging.sink.OutputEventRenderer.onOutput(Lorg/gradle/internal/logging/events/OutputEvent;)V @ 24 c2
Event: 3275.594 Thread 0x00000154b4268800 DEOPT PACKING pc=0x00000154a0e3daf8 sp=0x000000258f1ff070
Event: 3275.594 Thread 0x00000154b4268800 DEOPT UNPACKING pc=0x0000015498bba1af sp=0x000000258f1fefc8 mode 2

Classes redefined (0 events):
No events

Internal exceptions (20 events):
Event: 3269.316 Thread 0x00000154b4457800 Exception <a 'sun/nio/fs/WindowsException'{0x000000008e2eebb8}> (0x000000008e2eebb8) thrown at [./src/hotspot/share/prims/jni.cpp, line 616]
Event: 3269.383 Thread 0x00000154b4457800 Exception <a 'sun/nio/fs/WindowsException'{0x000000008d696b28}> (0x000000008d696b28) thrown at [./src/hotspot/share/prims/jni.cpp, line 616]
Event: 3269.387 Thread 0x00000154b4457800 Exception <a 'sun/nio/fs/WindowsException'{0x000000008d53b260}> (0x000000008d53b260) thrown at [./src/hotspot/share/prims/jni.cpp, line 616]
Event: 3269.387 Thread 0x00000154b4457800 Exception <a 'sun/nio/fs/WindowsException'{0x000000008d53c4c8}> (0x000000008d53c4c8) thrown at [./src/hotspot/share/prims/jni.cpp, line 616]
Event: 3269.387 Thread 0x00000154b4457800 Exception <a 'sun/nio/fs/WindowsException'{0x000000008d53d780}> (0x000000008d53d780) thrown at [./src/hotspot/share/prims/jni.cpp, line 616]
Event: 3269.388 Thread 0x00000154b4457800 Exception <a 'sun/nio/fs/WindowsException'{0x000000008d53ea38}> (0x000000008d53ea38) thrown at [./src/hotspot/share/prims/jni.cpp, line 616]
Event: 3269.409 Thread 0x00000154b4457800 Exception <a 'sun/nio/fs/WindowsException'{0x000000008d2b3e78}> (0x000000008d2b3e78) thrown at [./src/hotspot/share/prims/jni.cpp, line 616]
Event: 3271.130 Thread 0x00000154b920c800 Exception <a 'sun/nio/fs/WindowsException'{0x000000008ce45010}> (0x000000008ce45010) thrown at [./src/hotspot/share/prims/jni.cpp, line 616]
Event: 3271.130 Thread 0x00000154b920c800 Exception <a 'sun/nio/fs/WindowsException'{0x000000008ce450f8}> (0x000000008ce450f8) thrown at [./src/hotspot/share/prims/jni.cpp, line 616]
Event: 3271.297 Thread 0x00000154b4268800 Exception <a 'sun/nio/fs/WindowsException'{0x000000008fea4c78}> (0x000000008fea4c78) thrown at [./src/hotspot/share/prims/jni.cpp, line 616]
Event: 3271.300 Thread 0x00000154b4457800 Exception <a 'sun/nio/fs/WindowsException'{0x000000008fe69c08}> (0x000000008fe69c08) thrown at [./src/hotspot/share/prims/jni.cpp, line 616]
Event: 3271.300 Thread 0x00000154b4457800 Exception <a 'sun/nio/fs/WindowsException'{0x000000008fe69c88}> (0x000000008fe69c88) thrown at [./src/hotspot/share/prims/jni.cpp, line 616]
Event: 3271.300 Thread 0x00000154b4457800 Exception <a 'sun/nio/fs/WindowsException'{0x000000008fe6b5c8}> (0x000000008fe6b5c8) thrown at [./src/hotspot/share/prims/jni.cpp, line 616]
Event: 3275.724 Thread 0x00000154b4457800 Exception <a 'sun/nio/fs/WindowsException'{0x000000008e371070}> (0x000000008e371070) thrown at [./src/hotspot/share/prims/jni.cpp, line 616]
Event: 3275.839 Thread 0x00000154b4457800 Exception <a 'sun/nio/fs/WindowsException'{0x000000008d8cd268}> (0x000000008d8cd268) thrown at [./src/hotspot/share/prims/jni.cpp, line 616]
Event: 3275.843 Thread 0x00000154b4457800 Exception <a 'sun/nio/fs/WindowsException'{0x000000008d769248}> (0x000000008d769248) thrown at [./src/hotspot/share/prims/jni.cpp, line 616]
Event: 3275.844 Thread 0x00000154b4457800 Exception <a 'sun/nio/fs/WindowsException'{0x000000008d76a4b0}> (0x000000008d76a4b0) thrown at [./src/hotspot/share/prims/jni.cpp, line 616]
Event: 3275.844 Thread 0x00000154b4457800 Exception <a 'sun/nio/fs/WindowsException'{0x000000008d76b768}> (0x000000008d76b768) thrown at [./src/hotspot/share/prims/jni.cpp, line 616]
Event: 3275.844 Thread 0x00000154b4457800 Exception <a 'sun/nio/fs/WindowsException'{0x000000008d76ca20}> (0x000000008d76ca20) thrown at [./src/hotspot/share/prims/jni.cpp, line 616]
Event: 3275.873 Thread 0x00000154b4457800 Exception <a 'sun/nio/fs/WindowsException'{0x000000008d4d04e0}> (0x000000008d4d04e0) thrown at [./src/hotspot/share/prims/jni.cpp, line 616]

Events (20 events):
Event: 3275.881 Executing VM operation: RevokeBias
Event: 3275.881 Executing VM operation: RevokeBias done
Event: 3275.881 Executing VM operation: RevokeBias
Event: 3275.881 Executing VM operation: RevokeBias done
Event: 3275.885 Executing VM operation: RevokeBias
Event: 3275.885 Executing VM operation: RevokeBias done
Event: 3275.887 Executing VM operation: BulkRevokeBias
Event: 3275.890 Executing VM operation: BulkRevokeBias done
Event: 3275.891 Executing VM operation: RevokeBias
Event: 3275.891 Executing VM operation: RevokeBias done
Event: 3275.893 Executing VM operation: RevokeBias
Event: 3275.893 Executing VM operation: RevokeBias done
Event: 3275.893 Executing VM operation: RevokeBias
Event: 3275.893 Executing VM operation: RevokeBias done
Event: 3275.893 Executing VM operation: RevokeBias
Event: 3275.894 Executing VM operation: RevokeBias done
Event: 3275.894 Executing VM operation: RevokeBias
Event: 3275.894 Executing VM operation: RevokeBias done
Event: 3275.894 Executing VM operation: BulkRevokeBias
Event: 3275.896 Executing VM operation: BulkRevokeBias done


Dynamic libraries:
0x00007ff6f6230000 - 0x00007ff6f623a000 	C:\Program Files\Android\Android Studio\jre\bin\java.exe
0x00007ff87dd30000 - 0x00007ff87df28000 	C:\Windows\SYSTEM32\ntdll.dll
0x00007ff87c9a0000 - 0x00007ff87ca5f000 	C:\Windows\System32\KERNEL32.DLL
0x00007ff87b7c0000 - 0x00007ff87ba92000 	C:\Windows\System32\KERNELBASE.dll
0x00007ff87bb90000 - 0x00007ff87bc90000 	C:\Windows\System32\ucrtbase.dll
0x00007ff84f4e0000 - 0x00007ff84f4f7000 	C:\Program Files\Android\Android Studio\jre\bin\VCRUNTIME140.dll
0x00007ff84edf0000 - 0x00007ff84ee09000 	C:\Program Files\Android\Android Studio\jre\bin\jli.dll
0x00007ff87d440000 - 0x00007ff87d5e1000 	C:\Windows\System32\USER32.dll
0x00007ff87b420000 - 0x00007ff87b442000 	C:\Windows\System32\win32u.dll
0x00007ff861500000 - 0x00007ff86179a000 	C:\Windows\WinSxS\amd64_microsoft.windows.common-controls_6595b64144ccf1df_6.0.19041.1110_none_60b5254171f9507e\COMCTL32.dll
0x00007ff87dae0000 - 0x00007ff87db0b000 	C:\Windows\System32\GDI32.dll
0x00007ff87c7f0000 - 0x00007ff87c88e000 	C:\Windows\System32\msvcrt.dll
0x00007ff87b4e0000 - 0x00007ff87b5ef000 	C:\Windows\System32\gdi32full.dll
0x00007ff87baf0000 - 0x00007ff87bb8d000 	C:\Windows\System32\msvcp_win.dll
0x00007ff87bd70000 - 0x00007ff87bda2000 	C:\Windows\System32\IMM32.DLL
0x00007ff83ec40000 - 0x00007ff83ecdd000 	C:\Program Files\Android\Android Studio\jre\bin\msvcp140.dll
0x00007ffff3d00000 - 0x00007ffff4802000 	C:\Program Files\Android\Android Studio\jre\bin\server\jvm.dll
0x00007ff87ca60000 - 0x00007ff87cb0e000 	C:\Windows\System32\ADVAPI32.dll
0x00007ff87dba0000 - 0x00007ff87dc3c000 	C:\Windows\System32\sechost.dll
0x00007ff87c6c0000 - 0x00007ff87c7e5000 	C:\Windows\System32\RPCRT4.dll
0x00007ff87bf60000 - 0x00007ff87bf68000 	C:\Windows\System32\PSAPI.DLL
0x00007ff878c20000 - 0x00007ff878c29000 	C:\Windows\SYSTEM32\WSOCK32.dll
0x00007ff87d3d0000 - 0x00007ff87d43b000 	C:\Windows\System32\WS2_32.dll
0x00007ff874c60000 - 0x00007ff874c87000 	C:\Windows\SYSTEM32\WINMM.dll
0x00007ff876320000 - 0x00007ff87632a000 	C:\Windows\SYSTEM32\VERSION.dll
0x00007ff879300000 - 0x00007ff879312000 	C:\Windows\SYSTEM32\kernel.appcore.dll
0x00007ff85c3a0000 - 0x00007ff85c3b1000 	C:\Program Files\Android\Android Studio\jre\bin\verify.dll
0x00007ff8749a0000 - 0x00007ff874b84000 	C:\Windows\SYSTEM32\DBGHELP.DLL
0x00007ff864bf0000 - 0x00007ff864c25000 	C:\Windows\SYSTEM32\dbgcore.DLL
0x00007ff87b450000 - 0x00007ff87b4d2000 	C:\Windows\System32\bcryptPrimitives.dll
0x00007ff855c90000 - 0x00007ff855cb9000 	C:\Program Files\Android\Android Studio\jre\bin\java.dll
0x00007ff8694b0000 - 0x00007ff8694bb000 	C:\Program Files\Android\Android Studio\jre\bin\jimage.dll
0x00007ff85af90000 - 0x00007ff85afa8000 	C:\Program Files\Android\Android Studio\jre\bin\zip.dll
0x00007ff87bf70000 - 0x00007ff87c6b4000 	C:\Windows\System32\SHELL32.dll
0x00007ff879500000 - 0x00007ff879c92000 	C:\Windows\SYSTEM32\windows.storage.dll
0x00007ff87d780000 - 0x00007ff87dad5000 	C:\Windows\System32\combase.dll
0x00007ff87ada0000 - 0x00007ff87add0000 	C:\Windows\SYSTEM32\Wldp.dll
0x00007ff87c8f0000 - 0x00007ff87c99d000 	C:\Windows\System32\SHCORE.dll
0x00007ff87d720000 - 0x00007ff87d775000 	C:\Windows\System32\shlwapi.dll
0x00007ff87b360000 - 0x00007ff87b37f000 	C:\Windows\SYSTEM32\profapi.dll
0x00007ff855c70000 - 0x00007ff855c8a000 	C:\Program Files\Android\Android Studio\jre\bin\net.dll
0x00007ff875650000 - 0x00007ff87575c000 	C:\Windows\SYSTEM32\WINHTTP.dll
0x00007ff87ab00000 - 0x00007ff87ab6a000 	C:\Windows\system32\mswsock.dll
0x00007ff854370000 - 0x00007ff854384000 	C:\Program Files\Android\Android Studio\jre\bin\nio.dll
0x00007ff850cf0000 - 0x00007ff850d17000 	C:\Users\gk198\.gradle\native\e1d6ef7f7dcc3fd88c89a11ec53ec762bb8ba0a96d01ffa2cd45eb1d1d8dd5c5\windows-amd64\native-platform.dll
0x00007ff8319f0000 - 0x00007ff831b34000 	C:\Users\gk198\.gradle\native\0d407fdbe67a94daf76414ababcb853783967236a71b16ec16e742cd7a986fd3\windows-amd64\native-platform-file-events.dll
0x00007ff85bbc0000 - 0x00007ff85bbca000 	C:\Program Files\Android\Android Studio\jre\bin\management.dll
0x00007ff85bb70000 - 0x00007ff85bb7d000 	C:\Program Files\Android\Android Studio\jre\bin\management_ext.dll
0x00007ff87acf0000 - 0x00007ff87ad08000 	C:\Windows\SYSTEM32\CRYPTSP.dll
0x00007ff87a420000 - 0x00007ff87a454000 	C:\Windows\system32\rsaenh.dll
0x00007ff87bd40000 - 0x00007ff87bd67000 	C:\Windows\System32\bcrypt.dll
0x00007ff87b320000 - 0x00007ff87b34e000 	C:\Windows\SYSTEM32\USERENV.dll
0x00007ff87ad10000 - 0x00007ff87ad1c000 	C:\Windows\SYSTEM32\CRYPTBASE.dll
0x00007ff87a7f0000 - 0x00007ff87a82b000 	C:\Windows\SYSTEM32\IPHLPAPI.DLL
0x00007ff87d710000 - 0x00007ff87d718000 	C:\Windows\System32\NSI.dll
0x00007ff8746c0000 - 0x00007ff8746d7000 	C:\Windows\SYSTEM32\dhcpcsvc6.DLL
0x00007ff874680000 - 0x00007ff87469d000 	C:\Windows\SYSTEM32\dhcpcsvc.DLL
0x00007ff87a830000 - 0x00007ff87a8fa000 	C:\Windows\SYSTEM32\DNSAPI.dll
0x00007ff86e740000 - 0x00007ff86e75e000 	C:\Users\gk198\AppData\Local\Temp\native-platform4405676042354063360dir\native-platform.dll
0x00007ff876c20000 - 0x00007ff876c28000 	C:\Program Files\Android\Android Studio\jre\bin\rmi.dll
0x00007ff851b20000 - 0x00007ff851b47000 	C:\Program Files\Android\Android Studio\jre\bin\sunec.dll
0x00007ff87a540000 - 0x00007ff87a573000 	C:\Windows\SYSTEM32\ntmarta.dll

dbghelp: loaded successfully - version: 4.0.5 - missing functions: none
symbol engine: initialized successfully - sym options: 0x614 - pdb path: .;C:\Program Files\Android\Android Studio\jre\bin;C:\Windows\SYSTEM32;C:\Windows\WinSxS\amd64_microsoft.windows.common-controls_6595b64144ccf1df_6.0.19041.1110_none_60b5254171f9507e;C:\Program Files\Android\Android Studio\jre\bin\server;C:\Users\gk198\.gradle\native\e1d6ef7f7dcc3fd88c89a11ec53ec762bb8ba0a96d01ffa2cd45eb1d1d8dd5c5\windows-amd64;C:\Users\gk198\.gradle\native\0d407fdbe67a94daf76414ababcb853783967236a71b16ec16e742cd7a986fd3\windows-amd64;C:\Users\gk198\AppData\Local\Temp\native-platform4405676042354063360dir

VM Arguments:
jvm_args: --add-opens=java.base/java.util=ALL-UNNAMED --add-opens=java.base/java.lang=ALL-UNNAMED --add-opens=java.base/java.lang.invoke=ALL-UNNAMED --add-opens=java.base/java.util=ALL-UNNAMED --add-opens=java.prefs/java.util.prefs=ALL-UNNAMED --add-opens=java.prefs/java.util.prefs=ALL-UNNAMED --add-opens=java.base/java.nio.charset=ALL-UNNAMED --add-opens=java.base/java.net=ALL-UNNAMED --add-opens=java.base/java.util.concurrent.atomic=ALL-UNNAMED -Xmx2048m -Dfile.encoding=UTF-8 -Duser.country=RU -Duser.language=ru -Duser.variant 
java_command: org.gradle.launcher.daemon.bootstrap.GradleDaemon 7.4
java_class_path (initial): C:\Users\gk198\.gradle\wrapper\dists\gradle-7.4-bin\c0gwcg53nkjbqw7r0h0umtfvt\gradle-7.4\lib\gradle-launcher-7.4.jar
Launcher Type: SUN_STANDARD

[Global flags]
     intx CICompilerCount                          = 4                                         {product} {ergonomic}
     uint ConcGCThreads                            = 2                                         {product} {ergonomic}
     uint G1ConcRefinementThreads                  = 8                                         {product} {ergonomic}
   size_t G1HeapRegionSize                         = 1048576                                   {product} {ergonomic}
    uintx GCDrainStackTargetSize                   = 64                                        {product} {ergonomic}
   size_t InitialHeapSize                          = 268435456                                 {product} {ergonomic}
   size_t MarkStackSize                            = 4194304                                   {product} {ergonomic}
   size_t MaxHeapSize                              = 2147483648                                {product} {command line}
   size_t MaxNewSize                               = 1287651328                                {product} {ergonomic}
   size_t MinHeapDeltaBytes                        = 1048576                                   {product} {ergonomic}
    uintx NonNMethodCodeHeapSize                   = 5836300                                {pd product} {ergonomic}
    uintx NonProfiledCodeHeapSize                  = 122910970                              {pd product} {ergonomic}
    uintx ProfiledCodeHeapSize                     = 122910970                              {pd product} {ergonomic}
    uintx ReservedCodeCacheSize                    = 251658240                              {pd product} {ergonomic}
     bool SegmentedCodeCache                       = true                                      {product} {ergonomic}
     bool UseCompressedClassPointers               = true                                 {lp64_product} {ergonomic}
     bool UseCompressedOops                        = true                                 {lp64_product} {ergonomic}
     bool UseG1GC                                  = true                                      {product} {ergonomic}
     bool UseLargePagesIndividualAllocation        = false                                  {pd product} {ergonomic}

Logging:
Log output configuration:
 #0: stdout all=warning uptime,level,tags
 #1: stderr all=off uptime,level,tags

Environment Variables:
PATH=C:\Program Files (x86)\Common Files\Oracle\Java\javapath;C:\Windows\system32;C:\Windows;C:\Windows\System32\Wbem;C:\Windows\System32\WindowsPowerShell\v1.0\;C:\Windows\System32\OpenSSH\;C:\Program Files\dotnet\;C:\Program Files\Git\cmd;C:\Users\gk198\AppData\Local\Microsoft\WindowsApps;
USERNAME=gk198
OS=Windows_NT
PROCESSOR_IDENTIFIER=AMD64 Family 23 Model 113 Stepping 0, AuthenticAMD



---------------  S Y S T E M  ---------------

OS: Windows 10 , 64 bit Build 19041 (10.0.19041.2364)
OS uptime: 5 days 19:10 hours

CPU:total 8 (initial active 8) (8 cores per cpu, 2 threads per core) family 23 model 113 stepping 0 microcode 0x0, cmov, cx8, fxsr, mmx, sse, sse2, sse3, ssse3, sse4.1, sse4.2, popcnt, avx, avx2, aes, clmul, mmxext, 3dnowpref, lzcnt, sse4a, ht, tsc, tscinvbit, tscinv, bmi1, bmi2, adx, sha, fma

Memory: 4k page, system-wide physical 16295M (4117M free)
TotalPageFile size 26295M (AvailPageFile size 5M)
current process WorkingSet (physical memory assigned to process): 594M, peak: 642M
current process commit charge ("private bytes"): 706M, peak: 707M

vm_info: OpenJDK 64-Bit Server VM (11.0.13+0-b1751.21-8125866) for windows-amd64 JRE (11.0.13+0-b1751.21-8125866), built on Feb  2 2022 03:00:22 by "builder" with MS VC++ 14.0 (VS2015)

END.
